18:47:48 INFO  manager.ApplManager - Tests starts on Chrome Driver
18:47:54 INFO  tests.TestBase - Start test--->regTestPositive
18:47:54 INFO  manager.MyListener - Start searching element by locator-->By.xpath: //a[@href="/logout?url=%2Fsearch"]
18:48:09 INFO  manager.MyListener - The element with locator-->By.xpath: //a[@href="/logout?url=%2Fsearch"]was found
18:48:09 INFO  tests.TestBase - Test Registration Positive starts with email--->asdh2889@gmail.com
18:48:09 INFO  tests.TestBase - Test Registration Positive starts with password--->Qwery1234
18:48:09 INFO  manager.MyListener - Start searching element by locator-->By.xpath: //a[@href='/registration?url=%2Fsearch']
18:48:09 INFO  manager.MyListener - The element with locator-->By.xpath: //a[@href='/registration?url=%2Fsearch']was found
18:48:09 INFO  manager.MyListener - Start searching element by locator-->By.xpath: //input[@autocomplete='name']
18:48:09 INFO  manager.MyListener - The element with locator-->By.xpath: //input[@autocomplete='name']was found
18:48:09 INFO  manager.MyListener - Start searching element by locator-->By.xpath: //input[@autocomplete='family-name']
18:48:09 INFO  manager.MyListener - The element with locator-->By.xpath: //input[@autocomplete='family-name']was found
18:48:09 INFO  manager.MyListener - Start searching element by locator-->By.xpath: //input[@autocomplete='email']
18:48:09 INFO  manager.MyListener - The element with locator-->By.xpath: //input[@autocomplete='email']was found
18:48:09 INFO  manager.MyListener - Start searching element by locator-->By.xpath: //input[@autocomplete='new-password']
18:48:09 INFO  manager.MyListener - The element with locator-->By.xpath: //input[@autocomplete='new-password']was found
18:48:09 INFO  manager.MyListener - Start searching element by locator-->By.cssSelector: .checkbox-container
18:48:09 INFO  manager.MyListener - The element with locator-->By.cssSelector: .checkbox-containerwas found
18:48:10 INFO  manager.MyListener - Start searching element by locator-->By.xpath: //button[@type='submit']
18:48:10 INFO  manager.MyListener - The element with locator-->By.xpath: //button[@type='submit']was found
18:48:10 INFO  manager.MyListener - Start searching element by locator-->By.xpath: //h2[text()='You are logged in success']
18:48:25 ERROR manager.MyListener - Something went wrong
18:48:25 ERROR manager.MyListener - no such element: Unable to locate element: {"method":"xpath","selector":"//h2[text()='You are logged in success']"}
  (Session info: chrome=96.0.4664.45)
For documentation on this error, please visit: https://www.seleniumhq.org/exceptions/no_such_element.html
Build info: version: '3.141.59', revision: 'e82be7d358', time: '2018-11-14T08:17:03'
System info: host: 'LAPTOP-44JBEN25', ip: '172.20.10.2', os.name: 'Windows 10', os.arch: 'amd64', os.version: '10.0', java.version: '1.8.0_301'
Driver info: org.openqa.selenium.chrome.ChromeDriver
Capabilities {acceptInsecureCerts: false, browserName: chrome, browserVersion: 96.0.4664.45, chrome: {chromedriverVersion: 96.0.4664.45 (76e4c1bb2ab46..., userDataDir: C:\Users\gorbu\AppData\Loca...}, goog:chromeOptions: {debuggerAddress: localhost:55294}, javascriptEnabled: true, networkConnectionEnabled: false, pageLoadStrategy: normal, platform: WINDOWS, platformName: WINDOWS, proxy: Proxy(), setWindowRect: true, strictFileInteractability: false, timeouts: {implicit: 0, pageLoad: 300000, script: 30000}, unhandledPromptBehavior: dismiss and notify, webauthn:extension:credBlob: true, webauthn:extension:largeBlob: true, webauthn:virtualAuthenticators: true}
Session ID: 61a91bdccb42592e8f3c363e78cb1e7f
*** Element info: {Using=xpath, value=//h2[text()='You are logged in success']}
18:48:25 ERROR manager.MyListener - org.openqa.selenium.NoSuchElementException: no such element: Unable to locate element: {"method":"xpath","selector":"//h2[text()='You are logged in success']"}
  (Session info: chrome=96.0.4664.45)
For documentation on this error, please visit: https://www.seleniumhq.org/exceptions/no_such_element.html
Build info: version: '3.141.59', revision: 'e82be7d358', time: '2018-11-14T08:17:03'
System info: host: 'LAPTOP-44JBEN25', ip: '172.20.10.2', os.name: 'Windows 10', os.arch: 'amd64', os.version: '10.0', java.version: '1.8.0_301'
Driver info: org.openqa.selenium.chrome.ChromeDriver
Capabilities {acceptInsecureCerts: false, browserName: chrome, browserVersion: 96.0.4664.45, chrome: {chromedriverVersion: 96.0.4664.45 (76e4c1bb2ab46..., userDataDir: C:\Users\gorbu\AppData\Loca...}, goog:chromeOptions: {debuggerAddress: localhost:55294}, javascriptEnabled: true, networkConnectionEnabled: false, pageLoadStrategy: normal, platform: WINDOWS, platformName: WINDOWS, proxy: Proxy(), setWindowRect: true, strictFileInteractability: false, timeouts: {implicit: 0, pageLoad: 300000, script: 30000}, unhandledPromptBehavior: dismiss and notify, webauthn:extension:credBlob: true, webauthn:extension:largeBlob: true, webauthn:virtualAuthenticators: true}
Session ID: 61a91bdccb42592e8f3c363e78cb1e7f
*** Element info: {Using=xpath, value=//h2[text()='You are logged in success']}
18:48:25 INFO  manager.MyListener - This link to the screenshot with error-->src/test/resources/screenshots/screenshot-2905.png
18:48:25 INFO  manager.MyListener - Start searching element by locator-->By.xpath: //button[text()='Ok']
18:48:40 INFO  manager.MyListener - The element with locator-->By.xpath: //button[text()='Ok']was found
18:48:40 INFO  tests.TestBase - The end of test--->regTestPositive
18:48:40 INFO  tests.TestBase - Start test--->addNewCarTestPositive
18:48:40 INFO  manager.MyListener - Start searching element by locator-->By.xpath: //a[text()=' Log in ']
18:48:40 INFO  manager.MyListener - The element with locator-->By.xpath: //a[text()=' Log in ']was found
18:48:40 INFO  manager.MyListener - Start searching element by locator-->By.xpath: //div[@class='header']/a[6]
18:48:40 INFO  manager.MyListener - The element with locator-->By.xpath: //div[@class='header']/a[6]was found
18:48:41 INFO  manager.MyListener - Start searching element by locator-->By.xpath: //input[@autocomplete='username']
18:48:41 INFO  manager.MyListener - The element with locator-->By.xpath: //input[@autocomplete='username']was found
18:48:41 INFO  manager.MyListener - Start searching element by locator-->By.xpath: //input[@autocomplete='current-password']
18:48:41 INFO  manager.MyListener - The element with locator-->By.xpath: //input[@autocomplete='current-password']was found
18:48:41 INFO  manager.MyListener - Start searching element by locator-->By.xpath: //button[@type='submit']
18:48:41 INFO  manager.MyListener - The element with locator-->By.xpath: //button[@type='submit']was found
18:48:41 INFO  manager.MyListener - Start searching element by locator-->By.xpath: //button[text()='Ok']
18:48:42 INFO  manager.MyListener - The element with locator-->By.xpath: //button[text()='Ok']was found
18:48:42 INFO  manager.MyListener - Start searching element by locator-->By.xpath: //button[text()='Ok']
18:48:42 INFO  manager.MyListener - The element with locator-->By.xpath: //button[text()='Ok']was found
18:48:43 INFO  manager.MyListener - Start searching element by locator-->By.id: 1
18:48:43 INFO  manager.MyListener - The element with locator-->By.id: 1was found
18:48:43 INFO  manager.MyListener - Start searching element by locator-->By.cssSelector: h2
18:48:43 INFO  manager.MyListener - The element with locator-->By.cssSelector: h2was found
18:48:43 INFO  manager.MyListener - Start searching element by locator-->By.id: pickUpPlace
18:48:43 INFO  manager.MyListener - The element with locator-->By.id: pickUpPlacewas found
18:48:43 INFO  manager.MyListener - Start searching element by locator-->By.cssSelector: div.pac-item
18:48:44 INFO  manager.MyListener - The element with locator-->By.cssSelector: div.pac-itemwas found
18:48:44 INFO  manager.MyListener - Start searching element by locator-->By.id: make
18:48:44 INFO  manager.MyListener - The element with locator-->By.id: makewas found
18:48:44 INFO  manager.MyListener - Start searching element by locator-->By.id: model
18:48:44 INFO  manager.MyListener - The element with locator-->By.id: modelwas found
18:48:44 INFO  manager.MyListener - Start searching element by locator-->By.id: year
18:48:44 INFO  manager.MyListener - The element with locator-->By.id: yearwas found
18:48:44 INFO  manager.MyListener - Start searching element by locator-->By.id: engine
18:48:44 INFO  manager.MyListener - The element with locator-->By.id: enginewas found
18:48:45 INFO  manager.MyListener - Start searching element by locator-->By.id: fuel
18:48:45 INFO  manager.MyListener - The element with locator-->By.id: fuelwas found
18:48:45 INFO  manager.MyListener - Start searching element by locator-->By.xpath: .//option[@value = "Petrol"]
18:48:45 INFO  manager.MyListener - The element with locator-->By.xpath: .//option[@value = "Petrol"]was found
18:48:45 INFO  manager.MyListener - Start searching element by locator-->By.id: gear
18:48:45 INFO  manager.MyListener - The element with locator-->By.id: gearwas found
18:48:45 INFO  manager.MyListener - Start searching element by locator-->By.xpath: .//option[@value = "MT"]
18:48:45 INFO  manager.MyListener - The element with locator-->By.xpath: .//option[@value = "MT"]was found
18:48:45 INFO  manager.MyListener - Start searching element by locator-->By.id: wheelsDrive
18:48:45 INFO  manager.MyListener - The element with locator-->By.id: wheelsDrivewas found
18:48:45 INFO  manager.MyListener - Start searching element by locator-->By.xpath: .//option[@value = "AWD"]
18:48:45 INFO  manager.MyListener - The element with locator-->By.xpath: .//option[@value = "AWD"]was found
18:48:45 INFO  manager.MyListener - Start searching element by locator-->By.id: doors
18:48:45 INFO  manager.MyListener - The element with locator-->By.id: doorswas found
18:48:45 INFO  manager.MyListener - Start searching element by locator-->By.id: seats
18:48:45 INFO  manager.MyListener - The element with locator-->By.id: seatswas found
18:48:45 INFO  manager.MyListener - Start searching element by locator-->By.id: class
18:48:45 INFO  manager.MyListener - The element with locator-->By.id: classwas found
18:48:45 INFO  manager.MyListener - Start searching element by locator-->By.id: fuelConsumption
18:48:45 INFO  manager.MyListener - The element with locator-->By.id: fuelConsumptionwas found
18:48:46 INFO  manager.MyListener - Start searching element by locator-->By.id: serialNumber
18:48:46 INFO  manager.MyListener - The element with locator-->By.id: serialNumberwas found
18:48:46 INFO  manager.MyListener - Start searching element by locator-->By.id: price
18:48:46 INFO  manager.MyListener - The element with locator-->By.id: pricewas found
18:48:46 INFO  manager.MyListener - Start searching element by locator-->By.id: distance
18:48:46 INFO  manager.MyListener - The element with locator-->By.id: distancewas found
18:48:46 INFO  manager.MyListener - Start searching element by locator-->By.cssSelector: .feature-input
18:48:46 INFO  manager.MyListener - The element with locator-->By.cssSelector: .feature-inputwas found
18:48:46 INFO  manager.MyListener - Start searching element by locator-->By.id: about
18:48:46 INFO  manager.MyListener - The element with locator-->By.id: aboutwas found
18:48:46 INFO  manager.MyListener - Start searching element by locator-->By.id: photos
18:48:46 INFO  manager.MyListener - The element with locator-->By.id: photoswas found
18:48:46 INFO  manager.MyListener - Start searching element by locator-->By.xpath: //button[@type='submit']
18:48:46 INFO  manager.MyListener - The element with locator-->By.xpath: //button[@type='submit']was found
18:48:49 INFO  manager.MyListener - Start searching element by locator-->By.xpath: //div//h2[contains(.,'successful')]
18:48:50 INFO  manager.MyListener - The element with locator-->By.xpath: //div//h2[contains(.,'successful')]was found
18:48:50 INFO  manager.MyListener - Start searching element by locator-->By.xpath: //div//button[text()='Add another car']
18:48:50 INFO  manager.MyListener - The element with locator-->By.xpath: //div//button[text()='Add another car']was found
18:48:50 INFO  manager.MyListener - Start searching element by locator-->By.xpath: //a[text()=' Logout ']
18:48:50 INFO  manager.MyListener - The element with locator-->By.xpath: //a[text()=' Logout ']was found
18:48:50 INFO  tests.TestBase - The end of test--->addNewCarTestPositive
