18:16:49 INFO  manager.ApplManager - Tests starts on Chrome Driver
18:17:06 INFO  tests.TestBase - Start test--->addNewCarTestPositive
18:17:06 INFO  manager.MyListener - Start searching element by locator-->By.xpath: //a[text()=' Log in ']
18:17:06 INFO  manager.MyListener - The element with locator-->By.xpath: //a[text()=' Log in ']was found
18:17:06 INFO  tests.TestBase - Test starts with emai-->goodwin49@mail.ru
18:17:06 INFO  tests.TestBase - Test starts with password-->Car12345
18:17:06 INFO  manager.MyListener - Start searching element by locator-->By.xpath: //div[@class='header']/a[6]
18:17:06 INFO  manager.MyListener - The element with locator-->By.xpath: //div[@class='header']/a[6]was found
18:17:06 INFO  manager.MyListener - Start searching element by locator-->By.xpath: //input[@autocomplete='username']
18:17:06 INFO  manager.MyListener - The element with locator-->By.xpath: //input[@autocomplete='username']was found
18:17:07 INFO  manager.MyListener - Start searching element by locator-->By.xpath: //input[@autocomplete='current-password']
18:17:07 INFO  manager.MyListener - The element with locator-->By.xpath: //input[@autocomplete='current-password']was found
18:17:07 INFO  manager.MyListener - Start searching element by locator-->By.xpath: //button[@type='submit']
18:17:07 INFO  manager.MyListener - The element with locator-->By.xpath: //button[@type='submit']was found
18:17:07 INFO  manager.MyListener - Start searching element by locator-->By.xpath: //button[text()='Ok']
18:17:08 INFO  manager.MyListener - The element with locator-->By.xpath: //button[text()='Ok']was found
18:17:08 INFO  manager.MyListener - Start searching element by locator-->By.xpath: //button[text()='Ok']
18:17:08 INFO  manager.MyListener - The element with locator-->By.xpath: //button[text()='Ok']was found
18:17:09 INFO  manager.MyListener - Start searching element by locator-->By.id: 1
18:17:09 INFO  manager.MyListener - The element with locator-->By.id: 1was found
18:17:09 INFO  manager.MyListener - Start searching element by locator-->By.cssSelector: h2
18:17:09 INFO  manager.MyListener - The element with locator-->By.cssSelector: h2was found
18:17:09 INFO  manager.MyListener - Start searching element by locator-->By.id: pickUpPlace
18:17:09 INFO  manager.MyListener - The element with locator-->By.id: pickUpPlacewas found
18:17:09 INFO  manager.MyListener - Start searching element by locator-->By.cssSelector: div.pac-item
18:17:10 INFO  manager.MyListener - The element with locator-->By.cssSelector: div.pac-itemwas found
18:17:10 INFO  manager.MyListener - Start searching element by locator-->By.id: make
18:17:10 INFO  manager.MyListener - The element with locator-->By.id: makewas found
18:17:10 INFO  manager.MyListener - Start searching element by locator-->By.id: model
18:17:10 INFO  manager.MyListener - The element with locator-->By.id: modelwas found
18:17:10 INFO  manager.MyListener - Start searching element by locator-->By.id: year
18:17:10 INFO  manager.MyListener - The element with locator-->By.id: yearwas found
18:17:11 INFO  manager.MyListener - Start searching element by locator-->By.id: engine
18:17:11 INFO  manager.MyListener - The element with locator-->By.id: enginewas found
18:17:11 INFO  manager.MyListener - Start searching element by locator-->By.id: fuel
18:17:11 INFO  manager.MyListener - The element with locator-->By.id: fuelwas found
18:17:11 INFO  manager.MyListener - Start searching element by locator-->By.xpath: .//option[@value = "Petrol"]
18:17:11 INFO  manager.MyListener - The element with locator-->By.xpath: .//option[@value = "Petrol"]was found
18:17:11 INFO  manager.MyListener - Start searching element by locator-->By.id: gear
18:17:11 INFO  manager.MyListener - The element with locator-->By.id: gearwas found
18:17:11 INFO  manager.MyListener - Start searching element by locator-->By.xpath: .//option[@value = "MT"]
18:17:11 INFO  manager.MyListener - The element with locator-->By.xpath: .//option[@value = "MT"]was found
18:17:11 INFO  manager.MyListener - Start searching element by locator-->By.id: wheelsDrive
18:17:11 INFO  manager.MyListener - The element with locator-->By.id: wheelsDrivewas found
18:17:11 INFO  manager.MyListener - Start searching element by locator-->By.xpath: .//option[@value = "AWD"]
18:17:11 INFO  manager.MyListener - The element with locator-->By.xpath: .//option[@value = "AWD"]was found
18:17:11 INFO  manager.MyListener - Start searching element by locator-->By.id: doors
18:17:11 INFO  manager.MyListener - The element with locator-->By.id: doorswas found
18:17:11 INFO  manager.MyListener - Start searching element by locator-->By.id: seats
18:17:11 INFO  manager.MyListener - The element with locator-->By.id: seatswas found
18:17:11 INFO  manager.MyListener - Start searching element by locator-->By.id: class
18:17:11 INFO  manager.MyListener - The element with locator-->By.id: classwas found
18:17:11 INFO  manager.MyListener - Start searching element by locator-->By.id: fuelConsumption
18:17:12 INFO  manager.MyListener - The element with locator-->By.id: fuelConsumptionwas found
18:17:12 INFO  manager.MyListener - Start searching element by locator-->By.id: serialNumber
18:17:12 INFO  manager.MyListener - The element with locator-->By.id: serialNumberwas found
18:17:12 INFO  manager.MyListener - Start searching element by locator-->By.id: price
18:17:12 INFO  manager.MyListener - The element with locator-->By.id: pricewas found
18:17:12 INFO  manager.MyListener - Start searching element by locator-->By.id: distance
18:17:12 INFO  manager.MyListener - The element with locator-->By.id: distancewas found
18:17:12 INFO  manager.MyListener - Start searching element by locator-->By.cssSelector: .feature-input
18:17:12 INFO  manager.MyListener - The element with locator-->By.cssSelector: .feature-inputwas found
18:17:12 INFO  manager.MyListener - Start searching element by locator-->By.id: about
18:17:12 INFO  manager.MyListener - The element with locator-->By.id: aboutwas found
18:17:12 INFO  manager.MyListener - Start searching element by locator-->By.id: photos
18:17:12 INFO  manager.MyListener - The element with locator-->By.id: photoswas found
18:17:12 INFO  manager.MyListener - Start searching element by locator-->By.xpath: //button[@type='submit']
18:17:12 INFO  manager.MyListener - The element with locator-->By.xpath: //button[@type='submit']was found
18:17:15 INFO  manager.MyListener - Start searching element by locator-->By.xpath: //div//h2[contains(.,'successful')]
18:17:16 INFO  manager.MyListener - The element with locator-->By.xpath: //div//h2[contains(.,'successful')]was found
18:17:16 INFO  manager.MyListener - Start searching element by locator-->By.xpath: //div//button[text()='Add another car']
18:17:16 INFO  manager.MyListener - The element with locator-->By.xpath: //div//button[text()='Add another car']was found
18:17:16 INFO  manager.MyListener - Start searching element by locator-->By.xpath: //a[text()=' Logout ']
18:17:16 INFO  manager.MyListener - The element with locator-->By.xpath: //a[text()=' Logout ']was found
18:17:17 INFO  manager.MyListener - Start searching element by locator-->By.xpath: //div[@class='header']//img[@alt='logo']
18:17:17 INFO  manager.MyListener - The element with locator-->By.xpath: //div[@class='header']//img[@alt='logo']was found
18:17:17 INFO  tests.TestBase - The end of test--->addNewCarTestPositive
18:17:17 INFO  tests.TestBase - Start test--->addNewCarTestPositive2
18:17:17 INFO  manager.MyListener - Start searching element by locator-->By.xpath: //a[text()=' Log in ']
18:17:17 INFO  manager.MyListener - The element with locator-->By.xpath: //a[text()=' Log in ']was found
18:17:17 INFO  tests.TestBase - Test starts with emai-->goodwin49@mail.ru
18:17:17 INFO  tests.TestBase - Test starts with password-->Car12345
18:17:17 INFO  manager.MyListener - Start searching element by locator-->By.xpath: //div[@class='header']/a[6]
18:17:17 INFO  manager.MyListener - The element with locator-->By.xpath: //div[@class='header']/a[6]was found
18:17:17 INFO  manager.MyListener - Start searching element by locator-->By.xpath: //input[@autocomplete='username']
18:17:17 INFO  manager.MyListener - The element with locator-->By.xpath: //input[@autocomplete='username']was found
18:17:18 INFO  manager.MyListener - Start searching element by locator-->By.xpath: //input[@autocomplete='current-password']
18:17:18 INFO  manager.MyListener - The element with locator-->By.xpath: //input[@autocomplete='current-password']was found
18:17:18 INFO  manager.MyListener - Start searching element by locator-->By.xpath: //button[@type='submit']
18:17:18 INFO  manager.MyListener - The element with locator-->By.xpath: //button[@type='submit']was found
18:17:18 INFO  manager.MyListener - Start searching element by locator-->By.xpath: //button[text()='Ok']
18:17:19 INFO  manager.MyListener - The element with locator-->By.xpath: //button[text()='Ok']was found
18:17:19 INFO  manager.MyListener - Start searching element by locator-->By.xpath: //button[text()='Ok']
18:17:19 INFO  manager.MyListener - The element with locator-->By.xpath: //button[text()='Ok']was found
18:17:20 INFO  manager.MyListener - Start searching element by locator-->By.id: 1
18:17:20 INFO  manager.MyListener - The element with locator-->By.id: 1was found
18:17:20 INFO  manager.MyListener - Start searching element by locator-->By.cssSelector: h2
18:17:20 INFO  manager.MyListener - The element with locator-->By.cssSelector: h2was found
18:17:20 INFO  manager.MyListener - Start searching element by locator-->By.id: pickUpPlace
18:17:20 INFO  manager.MyListener - The element with locator-->By.id: pickUpPlacewas found
18:17:20 INFO  manager.MyListener - Start searching element by locator-->By.cssSelector: div.pac-item
18:17:21 INFO  manager.MyListener - The element with locator-->By.cssSelector: div.pac-itemwas found
18:17:22 INFO  manager.MyListener - Start searching element by locator-->By.id: make
18:17:22 INFO  manager.MyListener - The element with locator-->By.id: makewas found
18:17:22 INFO  manager.MyListener - Start searching element by locator-->By.id: model
18:17:22 INFO  manager.MyListener - The element with locator-->By.id: modelwas found
18:17:22 INFO  manager.MyListener - Start searching element by locator-->By.id: year
18:17:22 INFO  manager.MyListener - The element with locator-->By.id: yearwas found
18:17:22 INFO  manager.MyListener - Start searching element by locator-->By.id: engine
18:17:22 INFO  manager.MyListener - The element with locator-->By.id: enginewas found
18:17:22 INFO  manager.MyListener - Start searching element by locator-->By.id: fuel
18:17:22 INFO  manager.MyListener - The element with locator-->By.id: fuelwas found
18:17:22 INFO  manager.MyListener - Start searching element by locator-->By.xpath: .//option[@value = "Petrol"]
18:17:22 INFO  manager.MyListener - The element with locator-->By.xpath: .//option[@value = "Petrol"]was found
18:17:22 INFO  manager.MyListener - Start searching element by locator-->By.id: gear
18:17:22 INFO  manager.MyListener - The element with locator-->By.id: gearwas found
18:17:23 INFO  manager.MyListener - Start searching element by locator-->By.xpath: .//option[@value = "AT"]
18:17:23 INFO  manager.MyListener - The element with locator-->By.xpath: .//option[@value = "AT"]was found
18:17:23 INFO  manager.MyListener - Start searching element by locator-->By.id: wheelsDrive
18:17:23 INFO  manager.MyListener - The element with locator-->By.id: wheelsDrivewas found
18:17:23 INFO  manager.MyListener - Start searching element by locator-->By.xpath: .//option[@value = "AWD"]
18:17:23 INFO  manager.MyListener - The element with locator-->By.xpath: .//option[@value = "AWD"]was found
18:17:23 INFO  manager.MyListener - Start searching element by locator-->By.id: doors
18:17:23 INFO  manager.MyListener - The element with locator-->By.id: doorswas found
18:17:23 INFO  manager.MyListener - Start searching element by locator-->By.id: seats
18:17:23 INFO  manager.MyListener - The element with locator-->By.id: seatswas found
18:17:23 INFO  manager.MyListener - Start searching element by locator-->By.id: class
18:17:23 INFO  manager.MyListener - The element with locator-->By.id: classwas found
18:17:23 INFO  manager.MyListener - Start searching element by locator-->By.id: fuelConsumption
18:17:23 INFO  manager.MyListener - The element with locator-->By.id: fuelConsumptionwas found
18:17:23 INFO  manager.MyListener - Start searching element by locator-->By.id: serialNumber
18:17:23 INFO  manager.MyListener - The element with locator-->By.id: serialNumberwas found
18:17:24 INFO  manager.MyListener - Start searching element by locator-->By.id: price
18:17:24 INFO  manager.MyListener - The element with locator-->By.id: pricewas found
18:17:24 INFO  manager.MyListener - Start searching element by locator-->By.id: distance
18:17:24 INFO  manager.MyListener - The element with locator-->By.id: distancewas found
18:17:24 INFO  manager.MyListener - Start searching element by locator-->By.cssSelector: .feature-input
18:17:24 INFO  manager.MyListener - The element with locator-->By.cssSelector: .feature-inputwas found
18:17:24 INFO  manager.MyListener - Start searching element by locator-->By.id: about
18:17:24 INFO  manager.MyListener - The element with locator-->By.id: aboutwas found
18:17:24 INFO  manager.MyListener - Start searching element by locator-->By.id: photos
18:17:24 INFO  manager.MyListener - The element with locator-->By.id: photoswas found
18:17:24 INFO  manager.MyListener - Start searching element by locator-->By.xpath: //button[@type='submit']
18:17:24 INFO  manager.MyListener - The element with locator-->By.xpath: //button[@type='submit']was found
18:17:27 INFO  manager.MyListener - Start searching element by locator-->By.xpath: //div//h2[contains(.,'successful')]
18:17:28 INFO  manager.MyListener - The element with locator-->By.xpath: //div//h2[contains(.,'successful')]was found
18:17:28 INFO  manager.MyListener - Start searching element by locator-->By.xpath: //div//button[text()='Add another car']
18:17:28 INFO  manager.MyListener - The element with locator-->By.xpath: //div//button[text()='Add another car']was found
18:17:28 INFO  manager.MyListener - Start searching element by locator-->By.xpath: //a[text()=' Logout ']
18:17:28 INFO  manager.MyListener - The element with locator-->By.xpath: //a[text()=' Logout ']was found
18:17:28 INFO  manager.MyListener - Start searching element by locator-->By.xpath: //div[@class='header']//img[@alt='logo']
18:17:28 INFO  manager.MyListener - The element with locator-->By.xpath: //div[@class='header']//img[@alt='logo']was found
18:17:28 INFO  tests.TestBase - The end of test--->addNewCarTestPositive2
18:17:28 INFO  tests.TestBase - Start test--->findYourCarPositive
18:17:28 INFO  manager.MyListener - Start searching element by locator-->By.xpath: //input[@id='city']
18:17:28 INFO  manager.MyListener - The element with locator-->By.xpath: //input[@id='city']was found
18:17:28 INFO  manager.MyListener - Start searching element by locator-->By.cssSelector: div.pac-item
18:17:29 INFO  manager.MyListener - The element with locator-->By.cssSelector: div.pac-itemwas found
18:17:30 INFO  manager.MyListener - Start searching element by locator-->By.xpath: (//input[@id='dates'])[1]
18:17:30 INFO  manager.MyListener - The element with locator-->By.xpath: (//input[@id='dates'])[1]was found
18:17:30 INFO  manager.MyListener - Start searching element by locator-->By.xpath: //button[@type='submit']
18:17:30 INFO  manager.MyListener - The element with locator-->By.xpath: //button[@type='submit']was found
18:17:30 INFO  manager.MyListener - Start searching element by locator-->By.cssSelector: .car-img-container.ng-star-inserted
18:17:32 INFO  manager.MyListener - The element with locator-->By.cssSelector: .car-img-container.ng-star-insertedwas found
18:17:32 INFO  manager.MyListener - Start searching element by locator-->By.xpath: //div[@class='header']//img[@alt='logo']
18:17:32 INFO  manager.MyListener - The element with locator-->By.xpath: //div[@class='header']//img[@alt='logo']was found
18:17:32 INFO  tests.TestBase - The end of test--->findYourCarPositive
18:17:32 INFO  tests.TestBase - Start test--->findYourCarPositive2
18:17:32 INFO  manager.MyListener - Start searching element by locator-->By.xpath: //input[@id='city']
18:17:32 INFO  manager.MyListener - The element with locator-->By.xpath: //input[@id='city']was found
18:17:32 INFO  manager.MyListener - Start searching element by locator-->By.cssSelector: div.pac-item
18:17:33 INFO  manager.MyListener - The element with locator-->By.cssSelector: div.pac-itemwas found
18:17:33 INFO  manager.MyListener - Start searching element by locator-->By.xpath: (//input[@id='dates'])[1]
18:17:33 INFO  manager.MyListener - The element with locator-->By.xpath: (//input[@id='dates'])[1]was found
18:17:34 INFO  manager.MyListener - Start searching element by locator-->By.xpath: //div[text()= 28 ]
18:17:34 INFO  manager.MyListener - The element with locator-->By.xpath: //div[text()= 28 ]was found
18:17:34 INFO  manager.MyListener - Start searching element by locator-->By.xpath: //div[text()= 30 ]
18:17:34 INFO  manager.MyListener - The element with locator-->By.xpath: //div[text()= 30 ]was found
18:17:34 INFO  manager.MyListener - Start searching element by locator-->By.xpath: //button[@type='submit']
18:17:34 INFO  manager.MyListener - The element with locator-->By.xpath: //button[@type='submit']was found
18:17:34 INFO  manager.MyListener - Start searching element by locator-->By.cssSelector: .car-img-container.ng-star-inserted
18:17:35 INFO  manager.MyListener - The element with locator-->By.cssSelector: .car-img-container.ng-star-insertedwas found
18:17:35 INFO  manager.MyListener - Start searching element by locator-->By.xpath: //div[@class='header']//img[@alt='logo']
18:17:35 INFO  manager.MyListener - The element with locator-->By.xpath: //div[@class='header']//img[@alt='logo']was found
18:17:35 INFO  tests.TestBase - The end of test--->findYourCarPositive2
18:17:35 INFO  tests.TestBase - Start test--->findYourCarPositive3
18:17:35 INFO  manager.MyListener - Start searching element by locator-->By.xpath: //input[@id='city']
18:17:35 INFO  manager.MyListener - The element with locator-->By.xpath: //input[@id='city']was found
18:17:36 INFO  manager.MyListener - Start searching element by locator-->By.cssSelector: div.pac-item
18:17:36 INFO  manager.MyListener - The element with locator-->By.cssSelector: div.pac-itemwas found
18:17:37 INFO  manager.MyListener - Start searching element by locator-->By.xpath: (//input[@id='dates'])[1]
18:17:37 INFO  manager.MyListener - The element with locator-->By.xpath: (//input[@id='dates'])[1]was found
18:17:37 INFO  manager.MyListener - Start searching element by locator-->By.xpath: //div[text()= 28 ]
18:17:37 INFO  manager.MyListener - The element with locator-->By.xpath: //div[text()= 28 ]was found
18:17:37 INFO  manager.MyListener - Start searching element by locator-->By.xpath: //div[text()= 30 ]
18:17:37 INFO  manager.MyListener - The element with locator-->By.xpath: //div[text()= 30 ]was found
18:17:37 INFO  manager.MyListener - Start searching element by locator-->By.xpath: //button[@type='submit']
18:17:37 INFO  manager.MyListener - The element with locator-->By.xpath: //button[@type='submit']was found
18:17:37 INFO  manager.MyListener - Start searching element by locator-->By.cssSelector: .car-img-container.ng-star-inserted
18:17:39 INFO  manager.MyListener - The element with locator-->By.cssSelector: .car-img-container.ng-star-insertedwas found
18:17:39 INFO  manager.MyListener - Start searching element by locator-->By.xpath: //div[@class='header']//img[@alt='logo']
18:17:39 INFO  manager.MyListener - The element with locator-->By.xpath: //div[@class='header']//img[@alt='logo']was found
18:17:39 INFO  tests.TestBase - The end of test--->findYourCarPositive3
18:17:39 INFO  tests.TestBase - Start test--->searchTestYear
18:17:39 INFO  manager.MyListener - Start searching element by locator-->By.xpath: //input[@id='city']
18:17:39 INFO  manager.MyListener - The element with locator-->By.xpath: //input[@id='city']was found
18:17:39 INFO  manager.MyListener - Start searching element by locator-->By.cssSelector: div.pac-item
18:17:40 INFO  manager.MyListener - The element with locator-->By.cssSelector: div.pac-itemwas found
18:17:40 INFO  manager.MyListener - Start searching element by locator-->By.xpath: (//input[@id='dates'])[1]
18:17:40 INFO  manager.MyListener - The element with locator-->By.xpath: (//input[@id='dates'])[1]was found
18:17:41 INFO  manager.MyListener - Start searching element by locator-->By.xpath: //button[@aria-label='Next month']
18:17:41 INFO  manager.MyListener - The element with locator-->By.xpath: //button[@aria-label='Next month']was found
18:17:41 INFO  manager.MyListener - Start searching element by locator-->By.xpath: //div[.=' 12 ']
18:17:41 INFO  manager.MyListener - The element with locator-->By.xpath: //div[.=' 12 ']was found
18:17:41 INFO  manager.MyListener - Start searching element by locator-->By.xpath: //button[@aria-label='Next month']
18:17:41 INFO  manager.MyListener - The element with locator-->By.xpath: //button[@aria-label='Next month']was found
18:17:41 INFO  manager.MyListener - Start searching element by locator-->By.xpath: //button[@aria-label='Next month']
18:17:41 INFO  manager.MyListener - The element with locator-->By.xpath: //button[@aria-label='Next month']was found
18:17:41 INFO  manager.MyListener - Start searching element by locator-->By.xpath: //button[@aria-label='Next month']
18:17:41 INFO  manager.MyListener - The element with locator-->By.xpath: //button[@aria-label='Next month']was found
18:17:41 INFO  manager.MyListener - Start searching element by locator-->By.xpath: //button[@aria-label='Next month']
18:17:41 INFO  manager.MyListener - The element with locator-->By.xpath: //button[@aria-label='Next month']was found
18:17:41 INFO  manager.MyListener - Start searching element by locator-->By.xpath: //button[@aria-label='Next month']
18:17:41 INFO  manager.MyListener - The element with locator-->By.xpath: //button[@aria-label='Next month']was found
18:17:41 INFO  manager.MyListener - Start searching element by locator-->By.xpath: //button[@aria-label='Next month']
18:17:41 INFO  manager.MyListener - The element with locator-->By.xpath: //button[@aria-label='Next month']was found
18:17:41 INFO  manager.MyListener - Start searching element by locator-->By.xpath: //div[.=' 6 ']
18:17:41 INFO  manager.MyListener - The element with locator-->By.xpath: //div[.=' 6 ']was found
18:17:46 INFO  manager.MyListener - Start searching element by locator-->By.xpath: //div[@class='header']//img[@alt='logo']
18:17:46 INFO  manager.MyListener - The element with locator-->By.xpath: //div[@class='header']//img[@alt='logo']was found
18:17:47 INFO  tests.TestBase - The end of test--->searchTestYear
18:17:47 INFO  tests.TestBase - Start test--->searchTests
18:17:47 INFO  manager.MyListener - Start searching element by locator-->By.xpath: //input[@id='city']
18:17:47 INFO  manager.MyListener - The element with locator-->By.xpath: //input[@id='city']was found
18:17:47 INFO  manager.MyListener - Start searching element by locator-->By.cssSelector: div.pac-item
18:17:47 INFO  manager.MyListener - The element with locator-->By.cssSelector: div.pac-itemwas found
18:17:48 INFO  manager.MyListener - Start searching element by locator-->By.xpath: (//input[@id='dates'])[1]
18:17:48 INFO  manager.MyListener - The element with locator-->By.xpath: (//input[@id='dates'])[1]was found
18:17:48 INFO  manager.MyListener - Start searching element by locator-->By.xpath: //button[@aria-label='Next month']
18:17:48 INFO  manager.MyListener - The element with locator-->By.xpath: //button[@aria-label='Next month']was found
18:17:48 INFO  manager.MyListener - Start searching element by locator-->By.xpath: //div[.=' 15 ']
18:17:48 INFO  manager.MyListener - The element with locator-->By.xpath: //div[.=' 15 ']was found
18:17:48 INFO  manager.MyListener - Start searching element by locator-->By.xpath: //button[@aria-label='Next month']
18:17:48 INFO  manager.MyListener - The element with locator-->By.xpath: //button[@aria-label='Next month']was found
18:17:48 INFO  manager.MyListener - Start searching element by locator-->By.xpath: //button[@aria-label='Next month']
18:17:48 INFO  manager.MyListener - The element with locator-->By.xpath: //button[@aria-label='Next month']was found
18:17:48 INFO  manager.MyListener - Start searching element by locator-->By.xpath: //button[@aria-label='Next month']
18:17:48 INFO  manager.MyListener - The element with locator-->By.xpath: //button[@aria-label='Next month']was found
18:17:48 INFO  manager.MyListener - Start searching element by locator-->By.xpath: //div[.=' 10 ']
18:17:48 INFO  manager.MyListener - The element with locator-->By.xpath: //div[.=' 10 ']was found
18:17:48 INFO  manager.MyListener - Start searching element by locator-->By.xpath: //button[@type='submit']
18:17:48 INFO  manager.MyListener - The element with locator-->By.xpath: //button[@type='submit']was found
18:17:49 INFO  manager.MyListener - Start searching element by locator-->By.cssSelector: .car-img-container.ng-star-inserted
18:17:50 INFO  manager.MyListener - The element with locator-->By.cssSelector: .car-img-container.ng-star-insertedwas found
18:17:50 INFO  manager.MyListener - Start searching element by locator-->By.xpath: //div[@class='header']//img[@alt='logo']
18:17:50 INFO  manager.MyListener - The element with locator-->By.xpath: //div[@class='header']//img[@alt='logo']was found
18:17:50 INFO  tests.TestBase - The end of test--->searchTests
18:17:50 INFO  tests.TestBase - Start test--->test
18:17:50 INFO  manager.MyListener - Start searching element by locator-->By.xpath: //a[@href="/logout?url=%2Fsearch"]
18:18:05 INFO  manager.MyListener - The element with locator-->By.xpath: //a[@href="/logout?url=%2Fsearch"]was found
18:18:05 INFO  manager.MyListener - Start searching element by locator-->By.xpath: //div[@class='header']/a[6]
18:18:05 INFO  manager.MyListener - The element with locator-->By.xpath: //div[@class='header']/a[6]was found
18:18:05 INFO  manager.MyListener - Start searching element by locator-->By.xpath: //input[@autocomplete='username']
18:18:05 INFO  manager.MyListener - The element with locator-->By.xpath: //input[@autocomplete='username']was found
18:18:05 INFO  manager.MyListener - Start searching element by locator-->By.xpath: //input[@autocomplete='current-password']
18:18:05 INFO  manager.MyListener - The element with locator-->By.xpath: //input[@autocomplete='current-password']was found
18:18:05 INFO  manager.MyListener - Start searching element by locator-->By.xpath: //button[@type='submit']
18:18:05 INFO  manager.MyListener - The element with locator-->By.xpath: //button[@type='submit']was found
18:18:07 INFO  manager.MyListener - Start searching element by locator-->By.cssSelector: .dialog-container
18:18:08 INFO  manager.MyListener - The element with locator-->By.cssSelector: .dialog-containerwas found
18:18:08 INFO  manager.MyListener - Start searching element by locator-->By.cssSelector: .dialog-container h2
18:18:08 INFO  manager.MyListener - The element with locator-->By.cssSelector: .dialog-container h2was found
18:18:08 INFO  manager.MyListener - Start searching element by locator-->By.xpath: //button[text()='Ok']
18:18:08 INFO  manager.MyListener - The element with locator-->By.xpath: //button[text()='Ok']was found
18:18:08 INFO  manager.MyListener - Start searching element by locator-->By.xpath: //button[text()='Ok']
18:18:08 INFO  manager.MyListener - The element with locator-->By.xpath: //button[text()='Ok']was found
18:18:08 INFO  tests.TestBase - The end of test--->test
18:18:08 INFO  tests.TestBase - Start test--->test
18:18:08 INFO  manager.MyListener - Start searching element by locator-->By.xpath: //a[@href="/logout?url=%2Fsearch"]
18:18:08 INFO  manager.MyListener - The element with locator-->By.xpath: //a[@href="/logout?url=%2Fsearch"]was found
18:18:08 INFO  manager.MyListener - Start searching element by locator-->By.xpath: //a[@href="/logout?url=%2Fsearch"]
18:18:08 INFO  manager.MyListener - The element with locator-->By.xpath: //a[@href="/logout?url=%2Fsearch"]was found
18:18:08 INFO  manager.MyListener - Start searching element by locator-->By.xpath: //div[@class='header']/a[6]
18:18:08 INFO  manager.MyListener - The element with locator-->By.xpath: //div[@class='header']/a[6]was found
18:18:08 INFO  manager.MyListener - Start searching element by locator-->By.xpath: //input[@autocomplete='username']
18:18:08 INFO  manager.MyListener - The element with locator-->By.xpath: //input[@autocomplete='username']was found
18:18:08 INFO  manager.MyListener - Start searching element by locator-->By.xpath: //input[@autocomplete='current-password']
18:18:08 INFO  manager.MyListener - The element with locator-->By.xpath: //input[@autocomplete='current-password']was found
18:18:08 INFO  manager.MyListener - Start searching element by locator-->By.xpath: //button[@type='submit']
18:18:08 INFO  manager.MyListener - The element with locator-->By.xpath: //button[@type='submit']was found
18:18:10 INFO  manager.MyListener - Start searching element by locator-->By.cssSelector: .dialog-container
18:18:10 INFO  manager.MyListener - The element with locator-->By.cssSelector: .dialog-containerwas found
18:18:10 INFO  manager.MyListener - Start searching element by locator-->By.cssSelector: .dialog-container h2
18:18:10 INFO  manager.MyListener - The element with locator-->By.cssSelector: .dialog-container h2was found
18:18:10 INFO  manager.MyListener - Start searching element by locator-->By.xpath: //button[text()='Ok']
18:18:10 INFO  manager.MyListener - The element with locator-->By.xpath: //button[text()='Ok']was found
18:18:10 INFO  manager.MyListener - Start searching element by locator-->By.xpath: //button[text()='Ok']
18:18:10 INFO  manager.MyListener - The element with locator-->By.xpath: //button[text()='Ok']was found
18:18:11 INFO  tests.TestBase - The end of test--->test
18:18:11 INFO  tests.TestBase - Start test--->test
18:18:11 INFO  manager.MyListener - Start searching element by locator-->By.xpath: //a[@href="/logout?url=%2Fsearch"]
18:18:11 INFO  manager.MyListener - The element with locator-->By.xpath: //a[@href="/logout?url=%2Fsearch"]was found
18:18:11 INFO  manager.MyListener - Start searching element by locator-->By.xpath: //a[@href="/logout?url=%2Fsearch"]
18:18:11 INFO  manager.MyListener - The element with locator-->By.xpath: //a[@href="/logout?url=%2Fsearch"]was found
18:18:11 INFO  manager.MyListener - Start searching element by locator-->By.xpath: //div[@class='header']/a[6]
18:18:11 INFO  manager.MyListener - The element with locator-->By.xpath: //div[@class='header']/a[6]was found
18:18:11 INFO  manager.MyListener - Start searching element by locator-->By.xpath: //input[@autocomplete='username']
18:18:11 INFO  manager.MyListener - The element with locator-->By.xpath: //input[@autocomplete='username']was found
18:18:11 INFO  manager.MyListener - Start searching element by locator-->By.xpath: //input[@autocomplete='current-password']
18:18:11 INFO  manager.MyListener - The element with locator-->By.xpath: //input[@autocomplete='current-password']was found
18:18:11 INFO  manager.MyListener - Start searching element by locator-->By.xpath: //button[@type='submit']
18:18:11 INFO  manager.MyListener - The element with locator-->By.xpath: //button[@type='submit']was found
18:18:13 INFO  manager.MyListener - Start searching element by locator-->By.cssSelector: .dialog-container
18:18:13 INFO  manager.MyListener - The element with locator-->By.cssSelector: .dialog-containerwas found
18:18:13 INFO  manager.MyListener - Start searching element by locator-->By.cssSelector: .dialog-container h2
18:18:13 INFO  manager.MyListener - The element with locator-->By.cssSelector: .dialog-container h2was found
18:18:13 INFO  manager.MyListener - Start searching element by locator-->By.xpath: //button[text()='Ok']
18:18:13 INFO  manager.MyListener - The element with locator-->By.xpath: //button[text()='Ok']was found
18:18:13 INFO  manager.MyListener - Start searching element by locator-->By.xpath: //button[text()='Ok']
18:18:13 INFO  manager.MyListener - The element with locator-->By.xpath: //button[text()='Ok']was found
18:18:13 INFO  tests.TestBase - The end of test--->test
18:18:13 INFO  tests.TestBase - Start test--->test2
18:18:13 INFO  manager.MyListener - Start searching element by locator-->By.xpath: //a[@href="/logout?url=%2Fsearch"]
18:18:13 INFO  manager.MyListener - The element with locator-->By.xpath: //a[@href="/logout?url=%2Fsearch"]was found
18:18:13 INFO  manager.MyListener - Start searching element by locator-->By.xpath: //a[@href="/logout?url=%2Fsearch"]
18:18:13 INFO  manager.MyListener - The element with locator-->By.xpath: //a[@href="/logout?url=%2Fsearch"]was found
18:18:14 INFO  tests.TestBase - Test Login Positive starts with email-->goodwin49@mail.ru
18:18:14 INFO  tests.TestBase - Test Login Positive starts with password-->Car12345
18:18:14 INFO  manager.MyListener - Start searching element by locator-->By.xpath: //div[@class='header']/a[6]
18:18:14 INFO  manager.MyListener - The element with locator-->By.xpath: //div[@class='header']/a[6]was found
18:18:14 INFO  manager.MyListener - Start searching element by locator-->By.xpath: //input[@autocomplete='username']
18:18:14 INFO  manager.MyListener - The element with locator-->By.xpath: //input[@autocomplete='username']was found
18:18:14 INFO  manager.MyListener - Start searching element by locator-->By.xpath: //input[@autocomplete='current-password']
18:18:14 INFO  manager.MyListener - The element with locator-->By.xpath: //input[@autocomplete='current-password']was found
18:18:14 INFO  manager.MyListener - Start searching element by locator-->By.xpath: //button[@type='submit']
18:18:14 INFO  manager.MyListener - The element with locator-->By.xpath: //button[@type='submit']was found
18:18:16 INFO  manager.MyListener - Start searching element by locator-->By.cssSelector: .dialog-container
18:18:16 INFO  manager.MyListener - The element with locator-->By.cssSelector: .dialog-containerwas found
18:18:16 INFO  manager.MyListener - Start searching element by locator-->By.cssSelector: .dialog-container h2
18:18:16 INFO  manager.MyListener - The element with locator-->By.cssSelector: .dialog-container h2was found
18:18:16 INFO  manager.MyListener - Start searching element by locator-->By.xpath: //button[text()='Ok']
18:18:16 INFO  manager.MyListener - The element with locator-->By.xpath: //button[text()='Ok']was found
18:18:16 INFO  manager.MyListener - Start searching element by locator-->By.xpath: //button[text()='Ok']
18:18:16 INFO  manager.MyListener - The element with locator-->By.xpath: //button[text()='Ok']was found
18:18:16 INFO  tests.TestBase - The end of test--->test2
18:18:16 INFO  tests.TestBase - Start test--->test2
18:18:16 INFO  manager.MyListener - Start searching element by locator-->By.xpath: //a[@href="/logout?url=%2Fsearch"]
18:18:16 INFO  manager.MyListener - The element with locator-->By.xpath: //a[@href="/logout?url=%2Fsearch"]was found
18:18:16 INFO  manager.MyListener - Start searching element by locator-->By.xpath: //a[@href="/logout?url=%2Fsearch"]
18:18:16 INFO  manager.MyListener - The element with locator-->By.xpath: //a[@href="/logout?url=%2Fsearch"]was found
18:18:16 INFO  tests.TestBase - Test Login Positive starts with email-->goodwin49@mail.ru
18:18:16 INFO  tests.TestBase - Test Login Positive starts with password-->Car12345
18:18:16 INFO  manager.MyListener - Start searching element by locator-->By.xpath: //div[@class='header']/a[6]
18:18:16 INFO  manager.MyListener - The element with locator-->By.xpath: //div[@class='header']/a[6]was found
18:18:16 INFO  manager.MyListener - Start searching element by locator-->By.xpath: //input[@autocomplete='username']
18:18:16 INFO  manager.MyListener - The element with locator-->By.xpath: //input[@autocomplete='username']was found
18:18:17 INFO  manager.MyListener - Start searching element by locator-->By.xpath: //input[@autocomplete='current-password']
18:18:17 INFO  manager.MyListener - The element with locator-->By.xpath: //input[@autocomplete='current-password']was found
18:18:17 INFO  manager.MyListener - Start searching element by locator-->By.xpath: //button[@type='submit']
18:18:17 INFO  manager.MyListener - The element with locator-->By.xpath: //button[@type='submit']was found
18:18:19 INFO  manager.MyListener - Start searching element by locator-->By.cssSelector: .dialog-container
18:18:19 INFO  manager.MyListener - The element with locator-->By.cssSelector: .dialog-containerwas found
18:18:19 INFO  manager.MyListener - Start searching element by locator-->By.cssSelector: .dialog-container h2
18:18:19 INFO  manager.MyListener - The element with locator-->By.cssSelector: .dialog-container h2was found
18:18:19 INFO  manager.MyListener - Start searching element by locator-->By.xpath: //button[text()='Ok']
18:18:19 INFO  manager.MyListener - The element with locator-->By.xpath: //button[text()='Ok']was found
18:18:19 INFO  manager.MyListener - Start searching element by locator-->By.xpath: //button[text()='Ok']
18:18:19 INFO  manager.MyListener - The element with locator-->By.xpath: //button[text()='Ok']was found
18:18:19 INFO  tests.TestBase - The end of test--->test2
18:18:19 INFO  tests.TestBase - Start test--->wrongEmail
18:18:19 INFO  manager.MyListener - Start searching element by locator-->By.xpath: //a[@href="/logout?url=%2Fsearch"]
18:18:19 INFO  manager.MyListener - The element with locator-->By.xpath: //a[@href="/logout?url=%2Fsearch"]was found
18:18:19 INFO  manager.MyListener - Start searching element by locator-->By.xpath: //a[@href="/logout?url=%2Fsearch"]
18:18:19 INFO  manager.MyListener - The element with locator-->By.xpath: //a[@href="/logout?url=%2Fsearch"]was found
18:18:19 INFO  tests.TestBase - Test Login Negative wrong email starts with email-->goodwin49mail.ru
18:18:19 INFO  tests.TestBase - Test Login Negative wrong email starts with password-->Car12345
18:18:19 INFO  manager.MyListener - Start searching element by locator-->By.xpath: //div[@class='header']/a[6]
18:18:19 INFO  manager.MyListener - The element with locator-->By.xpath: //div[@class='header']/a[6]was found
18:18:19 INFO  manager.MyListener - Start searching element by locator-->By.xpath: //input[@autocomplete='username']
18:18:19 INFO  manager.MyListener - The element with locator-->By.xpath: //input[@autocomplete='username']was found
18:18:19 INFO  manager.MyListener - Start searching element by locator-->By.xpath: //input[@autocomplete='current-password']
18:18:19 INFO  manager.MyListener - The element with locator-->By.xpath: //input[@autocomplete='current-password']was found
18:18:20 INFO  manager.MyListener - Start searching element by locator-->By.xpath: //button[@type='submit']
18:18:20 INFO  manager.MyListener - The element with locator-->By.xpath: //button[@type='submit']was found
18:18:20 INFO  manager.MyListener - Start searching element by locator-->By.xpath: //div[contains(text(),"It'snot")]
18:18:20 INFO  manager.MyListener - The element with locator-->By.xpath: //div[contains(text(),"It'snot")]was found
18:18:20 INFO  manager.MyListener - Start searching element by locator-->By.xpath: //a[@href="/logout?url=%2Fsearch"]
18:18:35 INFO  manager.MyListener - The element with locator-->By.xpath: //a[@href="/logout?url=%2Fsearch"]was found
18:18:35 INFO  manager.MyListener - Start searching element by locator-->By.xpath: //button[text()='Ok']
18:18:50 INFO  manager.MyListener - The element with locator-->By.xpath: //button[text()='Ok']was found
18:18:50 INFO  tests.TestBase - The end of test--->wrongEmail
18:18:50 INFO  tests.TestBase - Start test--->wrongPass
18:18:50 INFO  manager.MyListener - Start searching element by locator-->By.xpath: //a[@href="/logout?url=%2Fsearch"]
18:19:05 INFO  manager.MyListener - The element with locator-->By.xpath: //a[@href="/logout?url=%2Fsearch"]was found
18:19:05 INFO  tests.TestBase - Test Login Negative wrong password starts with email-->goodwin49@mail.ru
18:19:05 INFO  tests.TestBase - Test Login Negative wrong password starts with password-->ar12345
18:19:05 INFO  manager.MyListener - Start searching element by locator-->By.xpath: //div[@class='header']/a[6]
18:19:05 INFO  manager.MyListener - The element with locator-->By.xpath: //div[@class='header']/a[6]was found
18:19:05 INFO  manager.MyListener - Start searching element by locator-->By.xpath: //input[@autocomplete='username']
18:19:05 INFO  manager.MyListener - The element with locator-->By.xpath: //input[@autocomplete='username']was found
18:19:05 INFO  manager.MyListener - Start searching element by locator-->By.xpath: //input[@autocomplete='current-password']
18:19:05 INFO  manager.MyListener - The element with locator-->By.xpath: //input[@autocomplete='current-password']was found
18:19:05 INFO  manager.MyListener - Start searching element by locator-->By.xpath: //button[@type='submit']
18:19:05 INFO  manager.MyListener - The element with locator-->By.xpath: //button[@type='submit']was found
18:19:05 INFO  manager.MyListener - Start searching element by locator-->By.xpath: //mat-dialog-container
18:19:06 INFO  manager.MyListener - The element with locator-->By.xpath: //mat-dialog-containerwas found
18:19:06 INFO  manager.MyListener - Start searching element by locator-->By.xpath: //mat-dialog-container//h2
18:19:06 INFO  manager.MyListener - The element with locator-->By.xpath: //mat-dialog-container//h2was found
18:19:06 INFO  manager.MyListener - Start searching element by locator-->By.xpath: //a[@href="/logout?url=%2Fsearch"]
18:19:21 INFO  manager.MyListener - The element with locator-->By.xpath: //a[@href="/logout?url=%2Fsearch"]was found
18:19:21 INFO  manager.MyListener - Start searching element by locator-->By.xpath: //button[text()='Ok']
18:19:21 INFO  manager.MyListener - The element with locator-->By.xpath: //button[text()='Ok']was found
18:19:21 INFO  manager.MyListener - Start searching element by locator-->By.xpath: //button[text()='Ok']
18:19:21 INFO  manager.MyListener - The element with locator-->By.xpath: //button[text()='Ok']was found
18:19:21 INFO  tests.TestBase - The end of test--->wrongPass
18:19:21 INFO  tests.TestBase - Start test--->regTestPositive
18:19:21 INFO  manager.MyListener - Start searching element by locator-->By.xpath: //a[@href="/logout?url=%2Fsearch"]
18:19:36 INFO  manager.MyListener - The element with locator-->By.xpath: //a[@href="/logout?url=%2Fsearch"]was found
18:19:36 INFO  tests.TestBase - Test Registration Positive starts with email--->qwcty@gmail.com
18:19:36 INFO  tests.TestBase - Test Registration Positive starts with password--->Ww13456@
18:19:36 INFO  tests.TestBase - Test Registration Positive starts with name--->Sonya
18:19:36 INFO  tests.TestBase - Test Registration Positive starts with lastname--->Shu
18:19:36 INFO  manager.MyListener - Start searching element by locator-->By.xpath: //a[@href='/registration?url=%2Fsearch']
18:19:36 INFO  manager.MyListener - The element with locator-->By.xpath: //a[@href='/registration?url=%2Fsearch']was found
18:19:37 INFO  manager.MyListener - Start searching element by locator-->By.xpath: //input[@autocomplete='name']
18:19:37 INFO  manager.MyListener - The element with locator-->By.xpath: //input[@autocomplete='name']was found
18:19:37 INFO  manager.MyListener - Start searching element by locator-->By.xpath: //input[@autocomplete='family-name']
18:19:37 INFO  manager.MyListener - The element with locator-->By.xpath: //input[@autocomplete='family-name']was found
18:19:37 INFO  manager.MyListener - Start searching element by locator-->By.xpath: //input[@autocomplete='email']
18:19:37 INFO  manager.MyListener - The element with locator-->By.xpath: //input[@autocomplete='email']was found
18:19:37 INFO  manager.MyListener - Start searching element by locator-->By.xpath: //input[@autocomplete='new-password']
18:19:37 INFO  manager.MyListener - The element with locator-->By.xpath: //input[@autocomplete='new-password']was found
18:19:37 INFO  manager.MyListener - Start searching element by locator-->By.xpath: //button[@type='submit']
18:19:37 INFO  manager.MyListener - The element with locator-->By.xpath: //button[@type='submit']was found
18:19:37 INFO  manager.MyListener - Start searching element by locator-->By.xpath: //h2[text()='You are logged in success']
18:19:38 INFO  manager.MyListener - The element with locator-->By.xpath: //h2[text()='You are logged in success']was found
18:19:38 INFO  manager.MyListener - Start searching element by locator-->By.xpath: //h2[text()='You are logged in success']
18:19:38 INFO  manager.MyListener - The element with locator-->By.xpath: //h2[text()='You are logged in success']was found
18:19:38 INFO  manager.MyListener - Start searching element by locator-->By.xpath: //button[text()='Ok']
18:19:38 INFO  manager.MyListener - The element with locator-->By.xpath: //button[text()='Ok']was found
18:19:38 INFO  manager.MyListener - Start searching element by locator-->By.xpath: //button[text()='Ok']
18:19:38 INFO  manager.MyListener - The element with locator-->By.xpath: //button[text()='Ok']was found
18:19:38 INFO  tests.TestBase - The end of test--->regTestPositive
