21:13:15 INFO  manager.ApplManager - Tests starts on Chrome Driver
21:13:21 INFO  tests.TestBase - Start test--->addNewCarTestPositive
21:13:21 INFO  manager.MyListener - Start searching element by locator-->By.xpath: //a[text()=' Log in ']
21:13:21 INFO  manager.MyListener - The element with locator-->By.xpath: //a[text()=' Log in ']was found
21:13:21 INFO  manager.MyListener - Start searching element by locator-->By.xpath: //div[@class='header']/a[6]
21:13:21 INFO  manager.MyListener - The element with locator-->By.xpath: //div[@class='header']/a[6]was found
21:13:21 INFO  manager.MyListener - Start searching element by locator-->By.xpath: //input[@autocomplete='username']
21:13:21 INFO  manager.MyListener - The element with locator-->By.xpath: //input[@autocomplete='username']was found
21:13:21 INFO  manager.MyListener - Start searching element by locator-->By.xpath: //input[@autocomplete='current-password']
21:13:21 INFO  manager.MyListener - The element with locator-->By.xpath: //input[@autocomplete='current-password']was found
21:13:21 INFO  manager.MyListener - Start searching element by locator-->By.xpath: //button[@type='submit']
21:13:21 INFO  manager.MyListener - The element with locator-->By.xpath: //button[@type='submit']was found
21:13:21 INFO  manager.MyListener - Start searching element by locator-->By.xpath: //button[text()='Ok']
21:13:23 INFO  manager.MyListener - The element with locator-->By.xpath: //button[text()='Ok']was found
21:13:23 INFO  manager.MyListener - Start searching element by locator-->By.xpath: //button[text()='Ok']
21:13:23 INFO  manager.MyListener - The element with locator-->By.xpath: //button[text()='Ok']was found
21:13:24 INFO  tests.TestBase - Test starts with emai-->goodwin49@mail.ru
21:13:24 INFO  tests.TestBase - Test starts with password-->Car12345
21:13:24 INFO  manager.MyListener - Start searching element by locator-->By.id: 1
21:13:24 INFO  manager.MyListener - The element with locator-->By.id: 1was found
21:13:24 INFO  manager.MyListener - Start searching element by locator-->By.cssSelector: h2
21:13:24 INFO  manager.MyListener - The element with locator-->By.cssSelector: h2was found
21:13:24 INFO  manager.MyListener - Start searching element by locator-->By.id: pickUpPlace
21:13:24 INFO  manager.MyListener - The element with locator-->By.id: pickUpPlacewas found
21:13:24 INFO  manager.MyListener - Start searching element by locator-->By.cssSelector: div.pac-item
21:13:25 INFO  manager.MyListener - The element with locator-->By.cssSelector: div.pac-itemwas found
21:13:26 INFO  manager.MyListener - Start searching element by locator-->By.id: make
21:13:26 INFO  manager.MyListener - The element with locator-->By.id: makewas found
21:13:26 INFO  manager.MyListener - Start searching element by locator-->By.id: model
21:13:26 INFO  manager.MyListener - The element with locator-->By.id: modelwas found
21:13:26 INFO  manager.MyListener - Start searching element by locator-->By.id: year
21:13:26 INFO  manager.MyListener - The element with locator-->By.id: yearwas found
21:13:26 INFO  manager.MyListener - Start searching element by locator-->By.id: engine
21:13:26 INFO  manager.MyListener - The element with locator-->By.id: enginewas found
21:13:26 INFO  manager.MyListener - Start searching element by locator-->By.id: fuel
21:13:26 INFO  manager.MyListener - The element with locator-->By.id: fuelwas found
21:13:26 INFO  manager.MyListener - Start searching element by locator-->By.xpath: .//option[@value = "Petrol"]
21:13:26 INFO  manager.MyListener - The element with locator-->By.xpath: .//option[@value = "Petrol"]was found
21:13:26 INFO  manager.MyListener - Start searching element by locator-->By.id: gear
21:13:26 INFO  manager.MyListener - The element with locator-->By.id: gearwas found
21:13:26 INFO  manager.MyListener - Start searching element by locator-->By.xpath: .//option[@value = "MT"]
21:13:26 INFO  manager.MyListener - The element with locator-->By.xpath: .//option[@value = "MT"]was found
21:13:26 INFO  manager.MyListener - Start searching element by locator-->By.id: wheelsDrive
21:13:26 INFO  manager.MyListener - The element with locator-->By.id: wheelsDrivewas found
21:13:26 INFO  manager.MyListener - Start searching element by locator-->By.xpath: .//option[@value = "AWD"]
21:13:26 INFO  manager.MyListener - The element with locator-->By.xpath: .//option[@value = "AWD"]was found
21:13:26 INFO  manager.MyListener - Start searching element by locator-->By.id: doors
21:13:26 INFO  manager.MyListener - The element with locator-->By.id: doorswas found
21:13:27 INFO  manager.MyListener - Start searching element by locator-->By.id: seats
21:13:27 INFO  manager.MyListener - The element with locator-->By.id: seatswas found
21:13:27 INFO  manager.MyListener - Start searching element by locator-->By.id: class
21:13:27 INFO  manager.MyListener - The element with locator-->By.id: classwas found
21:13:27 INFO  manager.MyListener - Start searching element by locator-->By.id: fuelConsumption
21:13:27 INFO  manager.MyListener - The element with locator-->By.id: fuelConsumptionwas found
21:13:27 INFO  manager.MyListener - Start searching element by locator-->By.id: serialNumber
21:13:27 INFO  manager.MyListener - The element with locator-->By.id: serialNumberwas found
21:13:27 INFO  manager.MyListener - Start searching element by locator-->By.id: price
21:13:27 INFO  manager.MyListener - The element with locator-->By.id: pricewas found
21:13:27 INFO  manager.MyListener - Start searching element by locator-->By.id: distance
21:13:27 INFO  manager.MyListener - The element with locator-->By.id: distancewas found
21:13:27 INFO  manager.MyListener - Start searching element by locator-->By.cssSelector: .feature-input
21:13:27 INFO  manager.MyListener - The element with locator-->By.cssSelector: .feature-inputwas found
21:13:28 INFO  manager.MyListener - Start searching element by locator-->By.id: about
21:13:28 INFO  manager.MyListener - The element with locator-->By.id: aboutwas found
21:13:28 INFO  manager.MyListener - Start searching element by locator-->By.id: photos
21:13:28 INFO  manager.MyListener - The element with locator-->By.id: photoswas found
21:13:28 INFO  manager.MyListener - Start searching element by locator-->By.xpath: //button[@type='submit']
21:13:28 INFO  manager.MyListener - The element with locator-->By.xpath: //button[@type='submit']was found
21:13:30 INFO  manager.MyListener - Start searching element by locator-->By.xpath: //div//h2[contains(.,'successful')]
21:13:31 INFO  manager.MyListener - The element with locator-->By.xpath: //div//h2[contains(.,'successful')]was found
21:13:31 INFO  manager.MyListener - Start searching element by locator-->By.xpath: //div//button[text()='Add another car']
21:13:31 INFO  manager.MyListener - The element with locator-->By.xpath: //div//button[text()='Add another car']was found
21:13:31 INFO  manager.MyListener - Start searching element by locator-->By.xpath: //a[text()=' Logout ']
21:13:31 INFO  manager.MyListener - The element with locator-->By.xpath: //a[text()=' Logout ']was found
21:13:32 INFO  tests.TestBase - The end of test--->addNewCarTestPositive
21:13:32 INFO  tests.TestBase - Start test--->addNewCarTestPositive2
21:13:32 INFO  manager.MyListener - Start searching element by locator-->By.xpath: //a[text()=' Log in ']
21:13:32 INFO  manager.MyListener - The element with locator-->By.xpath: //a[text()=' Log in ']was found
21:13:32 INFO  manager.MyListener - Start searching element by locator-->By.xpath: //div[@class='header']/a[6]
21:13:32 INFO  manager.MyListener - The element with locator-->By.xpath: //div[@class='header']/a[6]was found
21:13:32 INFO  manager.MyListener - Start searching element by locator-->By.xpath: //input[@autocomplete='username']
21:13:32 INFO  manager.MyListener - The element with locator-->By.xpath: //input[@autocomplete='username']was found
21:13:32 INFO  manager.MyListener - Start searching element by locator-->By.xpath: //input[@autocomplete='current-password']
21:13:32 INFO  manager.MyListener - The element with locator-->By.xpath: //input[@autocomplete='current-password']was found
21:13:32 INFO  manager.MyListener - Start searching element by locator-->By.xpath: //button[@type='submit']
21:13:32 INFO  manager.MyListener - The element with locator-->By.xpath: //button[@type='submit']was found
21:13:32 INFO  manager.MyListener - Start searching element by locator-->By.xpath: //button[text()='Ok']
21:13:33 INFO  manager.MyListener - The element with locator-->By.xpath: //button[text()='Ok']was found
21:13:33 INFO  manager.MyListener - Start searching element by locator-->By.xpath: //button[text()='Ok']
21:13:33 INFO  manager.MyListener - The element with locator-->By.xpath: //button[text()='Ok']was found
21:13:34 INFO  tests.TestBase - Test starts with emai-->goodwin49@mail.ru
21:13:34 INFO  tests.TestBase - Test starts with password-->Car12345
21:13:34 INFO  manager.MyListener - Start searching element by locator-->By.id: 1
21:13:34 INFO  manager.MyListener - The element with locator-->By.id: 1was found
21:13:34 INFO  manager.MyListener - Start searching element by locator-->By.cssSelector: h2
21:13:34 INFO  manager.MyListener - The element with locator-->By.cssSelector: h2was found
21:13:34 INFO  manager.MyListener - Start searching element by locator-->By.id: pickUpPlace
21:13:34 INFO  manager.MyListener - The element with locator-->By.id: pickUpPlacewas found
21:13:34 INFO  manager.MyListener - Start searching element by locator-->By.cssSelector: div.pac-item
21:13:35 INFO  manager.MyListener - The element with locator-->By.cssSelector: div.pac-itemwas found
21:13:35 INFO  manager.MyListener - Start searching element by locator-->By.id: make
21:13:35 INFO  manager.MyListener - The element with locator-->By.id: makewas found
21:13:36 INFO  manager.MyListener - Start searching element by locator-->By.id: model
21:13:36 INFO  manager.MyListener - The element with locator-->By.id: modelwas found
21:13:36 INFO  manager.MyListener - Start searching element by locator-->By.id: year
21:13:36 INFO  manager.MyListener - The element with locator-->By.id: yearwas found
21:13:36 INFO  manager.MyListener - Start searching element by locator-->By.id: engine
21:13:36 INFO  manager.MyListener - The element with locator-->By.id: enginewas found
21:13:36 INFO  manager.MyListener - Start searching element by locator-->By.id: fuel
21:13:36 INFO  manager.MyListener - The element with locator-->By.id: fuelwas found
21:13:36 INFO  manager.MyListener - Start searching element by locator-->By.xpath: .//option[@value = "Petrol"]
21:13:36 INFO  manager.MyListener - The element with locator-->By.xpath: .//option[@value = "Petrol"]was found
21:13:36 INFO  manager.MyListener - Start searching element by locator-->By.id: gear
21:13:36 INFO  manager.MyListener - The element with locator-->By.id: gearwas found
21:13:36 INFO  manager.MyListener - Start searching element by locator-->By.xpath: .//option[@value = "AT"]
21:13:36 INFO  manager.MyListener - The element with locator-->By.xpath: .//option[@value = "AT"]was found
21:13:36 INFO  manager.MyListener - Start searching element by locator-->By.id: wheelsDrive
21:13:36 INFO  manager.MyListener - The element with locator-->By.id: wheelsDrivewas found
21:13:36 INFO  manager.MyListener - Start searching element by locator-->By.xpath: .//option[@value = "AWD"]
21:13:36 INFO  manager.MyListener - The element with locator-->By.xpath: .//option[@value = "AWD"]was found
21:13:36 INFO  manager.MyListener - Start searching element by locator-->By.id: doors
21:13:36 INFO  manager.MyListener - The element with locator-->By.id: doorswas found
21:13:36 INFO  manager.MyListener - Start searching element by locator-->By.id: seats
21:13:36 INFO  manager.MyListener - The element with locator-->By.id: seatswas found
21:13:37 INFO  manager.MyListener - Start searching element by locator-->By.id: class
21:13:37 INFO  manager.MyListener - The element with locator-->By.id: classwas found
21:13:37 INFO  manager.MyListener - Start searching element by locator-->By.id: fuelConsumption
21:13:37 INFO  manager.MyListener - The element with locator-->By.id: fuelConsumptionwas found
21:13:37 INFO  manager.MyListener - Start searching element by locator-->By.id: serialNumber
21:13:37 INFO  manager.MyListener - The element with locator-->By.id: serialNumberwas found
21:13:37 INFO  manager.MyListener - Start searching element by locator-->By.id: price
21:13:37 INFO  manager.MyListener - The element with locator-->By.id: pricewas found
21:13:37 INFO  manager.MyListener - Start searching element by locator-->By.id: distance
21:13:37 INFO  manager.MyListener - The element with locator-->By.id: distancewas found
21:13:37 INFO  manager.MyListener - Start searching element by locator-->By.cssSelector: .feature-input
21:13:37 INFO  manager.MyListener - The element with locator-->By.cssSelector: .feature-inputwas found
21:13:37 INFO  manager.MyListener - Start searching element by locator-->By.id: about
21:13:37 INFO  manager.MyListener - The element with locator-->By.id: aboutwas found
21:13:38 INFO  manager.MyListener - Start searching element by locator-->By.id: photos
21:13:38 INFO  manager.MyListener - The element with locator-->By.id: photoswas found
21:13:38 INFO  manager.MyListener - Start searching element by locator-->By.xpath: //button[@type='submit']
21:13:38 INFO  manager.MyListener - The element with locator-->By.xpath: //button[@type='submit']was found
21:13:39 INFO  manager.MyListener - Start searching element by locator-->By.xpath: //div//h2[contains(.,'successful')]
21:13:41 INFO  manager.MyListener - The element with locator-->By.xpath: //div//h2[contains(.,'successful')]was found
21:13:41 INFO  manager.MyListener - Start searching element by locator-->By.xpath: //div//button[text()='Add another car']
21:13:41 INFO  manager.MyListener - The element with locator-->By.xpath: //div//button[text()='Add another car']was found
21:13:41 INFO  manager.MyListener - Start searching element by locator-->By.xpath: //a[text()=' Logout ']
21:13:41 INFO  manager.MyListener - The element with locator-->By.xpath: //a[text()=' Logout ']was found
21:13:41 INFO  tests.TestBase - The end of test--->addNewCarTestPositive2
