18:35:38 INFO  manager.ApplManager - Tests starts on Chrome Driver
18:35:44 INFO  tests.TestBase - Start test--->findYourCarPositive3
18:35:44 INFO  manager.MyListener - Start searching element by locator-->By.xpath: //input[@id='city']
18:35:44 INFO  manager.MyListener - The element with locator-->By.xpath: //input[@id='city']was found
18:35:44 INFO  manager.MyListener - Start searching element by locator-->By.cssSelector: div.pac-item
18:35:45 INFO  manager.MyListener - The element with locator-->By.cssSelector: div.pac-itemwas found
18:35:45 INFO  manager.MyListener - Start searching element by locator-->By.xpath: //div[text()= 28 ]
18:36:00 ERROR manager.MyListener - Something went wrong
18:36:00 ERROR manager.MyListener - no such element: Unable to locate element: {"method":"xpath","selector":"//div[text()= 28 ]"}
  (Session info: chrome=96.0.4664.45)
For documentation on this error, please visit: https://www.seleniumhq.org/exceptions/no_such_element.html
Build info: version: '3.141.59', revision: 'e82be7d358', time: '2018-11-14T08:17:03'
System info: host: 'LAPTOP-44JBEN25', ip: '172.20.10.2', os.name: 'Windows 10', os.arch: 'amd64', os.version: '10.0', java.version: '1.8.0_301'
Driver info: org.openqa.selenium.chrome.ChromeDriver
Capabilities {acceptInsecureCerts: false, browserName: chrome, browserVersion: 96.0.4664.45, chrome: {chromedriverVersion: 96.0.4664.45 (76e4c1bb2ab46..., userDataDir: C:\Users\gorbu\AppData\Loca...}, goog:chromeOptions: {debuggerAddress: localhost:62437}, javascriptEnabled: true, networkConnectionEnabled: false, pageLoadStrategy: normal, platform: WINDOWS, platformName: WINDOWS, proxy: Proxy(), setWindowRect: true, strictFileInteractability: false, timeouts: {implicit: 0, pageLoad: 300000, script: 30000}, unhandledPromptBehavior: dismiss and notify, webauthn:extension:credBlob: true, webauthn:extension:largeBlob: true, webauthn:virtualAuthenticators: true}
Session ID: b226ad16fa9bdadd42a7fe1d7645b569
*** Element info: {Using=xpath, value=//div[text()= 28 ]}
18:36:00 ERROR manager.MyListener - org.openqa.selenium.NoSuchElementException: no such element: Unable to locate element: {"method":"xpath","selector":"//div[text()= 28 ]"}
  (Session info: chrome=96.0.4664.45)
For documentation on this error, please visit: https://www.seleniumhq.org/exceptions/no_such_element.html
Build info: version: '3.141.59', revision: 'e82be7d358', time: '2018-11-14T08:17:03'
System info: host: 'LAPTOP-44JBEN25', ip: '172.20.10.2', os.name: 'Windows 10', os.arch: 'amd64', os.version: '10.0', java.version: '1.8.0_301'
Driver info: org.openqa.selenium.chrome.ChromeDriver
Capabilities {acceptInsecureCerts: false, browserName: chrome, browserVersion: 96.0.4664.45, chrome: {chromedriverVersion: 96.0.4664.45 (76e4c1bb2ab46..., userDataDir: C:\Users\gorbu\AppData\Loca...}, goog:chromeOptions: {debuggerAddress: localhost:62437}, javascriptEnabled: true, networkConnectionEnabled: false, pageLoadStrategy: normal, platform: WINDOWS, platformName: WINDOWS, proxy: Proxy(), setWindowRect: true, strictFileInteractability: false, timeouts: {implicit: 0, pageLoad: 300000, script: 30000}, unhandledPromptBehavior: dismiss and notify, webauthn:extension:credBlob: true, webauthn:extension:largeBlob: true, webauthn:virtualAuthenticators: true}
Session ID: b226ad16fa9bdadd42a7fe1d7645b569
*** Element info: {Using=xpath, value=//div[text()= 28 ]}
18:36:01 INFO  manager.MyListener - This link to the screenshot with error-->src/test/resources/screenshots/screenshot-2160.png
18:36:01 INFO  tests.TestBase - The end of test--->findYourCarPositive3
