18:48:29 INFO  manager.ApplManager - Tests starts on Chrome Driver
18:48:39 INFO  tests.TestBase - Start test--->findYourCarPositive
18:48:39 INFO  manager.MyListener - Start searching element by locator-->By.xpath: //input[@id='city']
18:48:39 INFO  manager.MyListener - The element with locator-->By.xpath: //input[@id='city']was found
18:48:39 INFO  manager.MyListener - Start searching element by locator-->By.cssSelector: div.pac-item
18:48:39 INFO  manager.MyListener - The element with locator-->By.cssSelector: div.pac-itemwas found
18:48:40 INFO  manager.MyListener - Start searching element by locator-->By.xpath: (//input[@id='dates'])[1]
18:48:40 INFO  manager.MyListener - The element with locator-->By.xpath: (//input[@id='dates'])[1]was found
18:48:40 INFO  manager.MyListener - Start searching element by locator-->By.xpath: //button[@type='submit']
18:48:40 INFO  manager.MyListener - The element with locator-->By.xpath: //button[@type='submit']was found
18:48:40 INFO  manager.MyListener - Start searching element by locator-->By.cssSelector: .car-img-container.ng-star-inserted
18:48:42 INFO  manager.MyListener - The element with locator-->By.cssSelector: .car-img-container.ng-star-insertedwas found
18:48:42 INFO  tests.TestBase - The end of test--->findYourCarPositive
18:48:52 INFO  manager.ApplManager - Tests starts on Chrome Driver
18:49:13 INFO  tests.TestBase - Start test--->findYourCarPositive2
18:49:13 INFO  manager.MyListener - Start searching element by locator-->By.xpath: //input[@id='city']
18:49:13 INFO  manager.MyListener - The element with locator-->By.xpath: //input[@id='city']was found
18:49:13 INFO  manager.MyListener - Start searching element by locator-->By.cssSelector: div.pac-item
18:49:13 INFO  manager.MyListener - The element with locator-->By.cssSelector: div.pac-itemwas found
18:49:14 INFO  manager.MyListener - Start searching element by locator-->By.xpath: (//input[@id='dates'])[1]
18:49:14 INFO  manager.MyListener - The element with locator-->By.xpath: (//input[@id='dates'])[1]was found
18:49:14 INFO  manager.MyListener - Start searching element by locator-->By.xpath: //div[text()= 21 ]
18:49:14 INFO  manager.MyListener - The element with locator-->By.xpath: //div[text()= 21 ]was found
18:49:14 INFO  manager.MyListener - Start searching element by locator-->By.xpath: //div[text()= 25 ]
18:49:14 INFO  manager.MyListener - The element with locator-->By.xpath: //div[text()= 25 ]was found
18:49:14 INFO  manager.MyListener - Start searching element by locator-->By.xpath: //button[@type='submit']
18:49:14 INFO  manager.MyListener - The element with locator-->By.xpath: //button[@type='submit']was found
18:49:14 INFO  manager.MyListener - Start searching element by locator-->By.cssSelector: .car-img-container.ng-star-inserted
18:49:16 INFO  manager.MyListener - The element with locator-->By.cssSelector: .car-img-container.ng-star-insertedwas found
18:49:16 INFO  tests.TestBase - The end of test--->findYourCarPositive2
