19:42:59 INFO  manager.ApplManager - Tests starts on Chrome Driver
19:43:04 INFO  tests.TestBase - Start test--->test
19:43:04 INFO  manager.MyListener - Start searching element by locator-->By.xpath: //a[@href="/logout?url=%2Fsearch"]
19:43:19 INFO  manager.MyListener - The element with locator-->By.xpath: //a[@href="/logout?url=%2Fsearch"]was found
19:43:19 INFO  tests.TestBase - Test Login Positive starts with email-->goodwin49@mail.ru
19:43:19 INFO  tests.TestBase - Test Login Positive starts with password-->Car12345
19:43:19 INFO  manager.MyListener - Start searching element by locator-->By.xpath: //div[@class='header']/a[6]
19:43:19 INFO  manager.MyListener - The element with locator-->By.xpath: //div[@class='header']/a[6]was found
19:43:19 INFO  manager.MyListener - Start searching element by locator-->By.xpath: //input[@autocomplete='username']
19:43:19 INFO  manager.MyListener - The element with locator-->By.xpath: //input[@autocomplete='username']was found
19:43:19 INFO  manager.MyListener - Start searching element by locator-->By.xpath: //input[@autocomplete='current-password']
19:43:19 INFO  manager.MyListener - The element with locator-->By.xpath: //input[@autocomplete='current-password']was found
19:43:19 INFO  manager.MyListener - Start searching element by locator-->By.xpath: //button[@type='submit']
19:43:19 INFO  manager.MyListener - The element with locator-->By.xpath: //button[@type='submit']was found
19:43:21 INFO  manager.MyListener - Start searching element by locator-->By.cssSelector: .dialog-container
19:43:21 INFO  manager.MyListener - The element with locator-->By.cssSelector: .dialog-containerwas found
19:43:21 INFO  manager.MyListener - Start searching element by locator-->By.cssSelector: .dialog-container h2
19:43:21 INFO  manager.MyListener - The element with locator-->By.cssSelector: .dialog-container h2was found
19:43:21 INFO  manager.MyListener - Start searching element by locator-->By.xpath: //button[text()='Ok']
19:43:21 INFO  manager.MyListener - The element with locator-->By.xpath: //button[text()='Ok']was found
19:43:21 INFO  manager.MyListener - Start searching element by locator-->By.xpath: //button[text()='Ok']
19:43:21 INFO  manager.MyListener - The element with locator-->By.xpath: //button[text()='Ok']was found
19:43:21 INFO  tests.TestBase - The end of test--->test
19:43:21 INFO  tests.TestBase - Start test--->wrongEmail
19:43:21 INFO  manager.MyListener - Start searching element by locator-->By.xpath: //a[@href="/logout?url=%2Fsearch"]
19:43:21 INFO  manager.MyListener - The element with locator-->By.xpath: //a[@href="/logout?url=%2Fsearch"]was found
19:43:21 INFO  manager.MyListener - Start searching element by locator-->By.xpath: //a[@href="/logout?url=%2Fsearch"]
19:43:21 INFO  manager.MyListener - The element with locator-->By.xpath: //a[@href="/logout?url=%2Fsearch"]was found
19:43:21 INFO  tests.TestBase - Test Login Negative wrong email starts with email-->goodwin49mail.ru
19:43:21 INFO  tests.TestBase - Test Login Negative wrong email starts with password-->Car12345
19:43:21 INFO  manager.MyListener - Start searching element by locator-->By.xpath: //div[@class='header']/a[6]
19:43:21 INFO  manager.MyListener - The element with locator-->By.xpath: //div[@class='header']/a[6]was found
19:43:21 INFO  manager.MyListener - Start searching element by locator-->By.xpath: //input[@autocomplete='username']
19:43:21 INFO  manager.MyListener - The element with locator-->By.xpath: //input[@autocomplete='username']was found
19:43:22 INFO  manager.MyListener - Start searching element by locator-->By.xpath: //input[@autocomplete='current-password']
19:43:22 INFO  manager.MyListener - The element with locator-->By.xpath: //input[@autocomplete='current-password']was found
19:43:22 INFO  manager.MyListener - Start searching element by locator-->By.xpath: //button[@type='submit']
19:43:22 INFO  manager.MyListener - The element with locator-->By.xpath: //button[@type='submit']was found
19:43:22 INFO  manager.MyListener - Start searching element by locator-->By.xpath: //div[contains(text(),"It'snot")]
19:43:22 INFO  manager.MyListener - The element with locator-->By.xpath: //div[contains(text(),"It'snot")]was found
19:43:22 INFO  manager.MyListener - Start searching element by locator-->By.xpath: //a[@href="/logout?url=%2Fsearch"]
19:43:37 INFO  manager.MyListener - The element with locator-->By.xpath: //a[@href="/logout?url=%2Fsearch"]was found
19:43:37 INFO  manager.MyListener - Start searching element by locator-->By.xpath: //button[text()='Ok']
19:43:52 INFO  manager.MyListener - The element with locator-->By.xpath: //button[text()='Ok']was found
19:43:52 INFO  tests.TestBase - The end of test--->wrongEmail
19:43:52 INFO  tests.TestBase - Start test--->wrongPass
19:43:52 INFO  manager.MyListener - Start searching element by locator-->By.xpath: //a[@href="/logout?url=%2Fsearch"]
19:44:07 INFO  manager.MyListener - The element with locator-->By.xpath: //a[@href="/logout?url=%2Fsearch"]was found
19:44:07 INFO  tests.TestBase - Test Login Negative wrong password starts with email-->goodwin49@mail.ru
19:44:07 INFO  tests.TestBase - Test Login Negative wrong password starts with password-->ar12345
19:44:07 INFO  manager.MyListener - Start searching element by locator-->By.xpath: //div[@class='header']/a[6]
19:44:07 INFO  manager.MyListener - The element with locator-->By.xpath: //div[@class='header']/a[6]was found
19:44:07 INFO  manager.MyListener - Start searching element by locator-->By.xpath: //input[@autocomplete='username']
19:44:07 INFO  manager.MyListener - The element with locator-->By.xpath: //input[@autocomplete='username']was found
19:44:07 INFO  manager.MyListener - Start searching element by locator-->By.xpath: //input[@autocomplete='current-password']
19:44:07 INFO  manager.MyListener - The element with locator-->By.xpath: //input[@autocomplete='current-password']was found
19:44:07 INFO  manager.MyListener - Start searching element by locator-->By.xpath: //button[@type='submit']
19:44:07 INFO  manager.MyListener - The element with locator-->By.xpath: //button[@type='submit']was found
19:44:07 INFO  manager.MyListener - Start searching element by locator-->By.xpath: //mat-dialog-container
19:44:08 INFO  manager.MyListener - The element with locator-->By.xpath: //mat-dialog-containerwas found
19:44:08 INFO  manager.MyListener - Start searching element by locator-->By.xpath: //mat-dialog-container//h2
19:44:08 INFO  manager.MyListener - The element with locator-->By.xpath: //mat-dialog-container//h2was found
19:44:08 INFO  manager.MyListener - Start searching element by locator-->By.xpath: //a[@href="/logout?url=%2Fsearch"]
19:44:23 INFO  manager.MyListener - The element with locator-->By.xpath: //a[@href="/logout?url=%2Fsearch"]was found
19:44:23 INFO  manager.MyListener - Start searching element by locator-->By.xpath: //button[text()='Ok']
19:44:23 INFO  manager.MyListener - The element with locator-->By.xpath: //button[text()='Ok']was found
19:44:23 INFO  manager.MyListener - Start searching element by locator-->By.xpath: //button[text()='Ok']
19:44:23 INFO  manager.MyListener - The element with locator-->By.xpath: //button[text()='Ok']was found
19:44:23 INFO  tests.TestBase - The end of test--->wrongPass
19:44:23 INFO  tests.TestBase - Start test--->regTestPositive
19:44:23 INFO  manager.MyListener - Start searching element by locator-->By.xpath: //a[@href="/logout?url=%2Fsearch"]
19:44:38 INFO  manager.MyListener - The element with locator-->By.xpath: //a[@href="/logout?url=%2Fsearch"]was found
19:44:38 INFO  tests.TestBase - Test Registration Positive starts with email--->asdh2678@gmail.com
19:44:38 INFO  tests.TestBase - Test Registration Positive starts with password--->Qwery1234
19:44:38 INFO  manager.MyListener - Start searching element by locator-->By.xpath: //a[@href='/registration?url=%2Fsearch']
19:44:38 INFO  manager.MyListener - The element with locator-->By.xpath: //a[@href='/registration?url=%2Fsearch']was found
19:44:38 INFO  manager.MyListener - Start searching element by locator-->By.xpath: //input[@autocomplete='name']
19:44:38 INFO  manager.MyListener - The element with locator-->By.xpath: //input[@autocomplete='name']was found
19:44:38 INFO  manager.MyListener - Start searching element by locator-->By.xpath: //input[@autocomplete='family-name']
19:44:38 INFO  manager.MyListener - The element with locator-->By.xpath: //input[@autocomplete='family-name']was found
19:44:38 INFO  manager.MyListener - Start searching element by locator-->By.xpath: //input[@autocomplete='email']
19:44:38 INFO  manager.MyListener - The element with locator-->By.xpath: //input[@autocomplete='email']was found
19:44:38 INFO  manager.MyListener - Start searching element by locator-->By.xpath: //input[@autocomplete='new-password']
19:44:38 INFO  manager.MyListener - The element with locator-->By.xpath: //input[@autocomplete='new-password']was found
19:44:39 INFO  manager.MyListener - Start searching element by locator-->By.xpath: //button[@type='submit']
19:44:39 INFO  manager.MyListener - The element with locator-->By.xpath: //button[@type='submit']was found
19:44:39 INFO  manager.MyListener - Start searching element by locator-->By.xpath: //h2[text()='You are logged in success']
19:44:40 INFO  manager.MyListener - The element with locator-->By.xpath: //h2[text()='You are logged in success']was found
19:44:40 INFO  manager.MyListener - Start searching element by locator-->By.xpath: //h2[text()='You are logged in success']
19:44:40 INFO  manager.MyListener - The element with locator-->By.xpath: //h2[text()='You are logged in success']was found
19:44:40 INFO  manager.MyListener - Start searching element by locator-->By.xpath: //button[text()='Ok']
19:44:40 INFO  manager.MyListener - The element with locator-->By.xpath: //button[text()='Ok']was found
19:44:40 INFO  manager.MyListener - Start searching element by locator-->By.xpath: //button[text()='Ok']
19:44:40 INFO  manager.MyListener - The element with locator-->By.xpath: //button[text()='Ok']was found
19:44:40 INFO  tests.TestBase - The end of test--->regTestPositive
19:44:40 INFO  tests.TestBase - Start test--->addNewCarTestPositive
19:44:40 INFO  manager.MyListener - Start searching element by locator-->By.xpath: //a[text()=' Log in ']
19:44:55 INFO  manager.MyListener - The element with locator-->By.xpath: //a[text()=' Log in ']was found
19:44:55 INFO  manager.MyListener - Start searching element by locator-->By.id: 1
19:44:55 INFO  manager.MyListener - The element with locator-->By.id: 1was found
19:44:55 INFO  manager.MyListener - Start searching element by locator-->By.cssSelector: h2
19:44:55 INFO  manager.MyListener - The element with locator-->By.cssSelector: h2was found
19:44:55 INFO  manager.MyListener - Start searching element by locator-->By.id: pickUpPlace
19:44:55 INFO  manager.MyListener - The element with locator-->By.id: pickUpPlacewas found
19:44:55 INFO  manager.MyListener - Start searching element by locator-->By.cssSelector: div.pac-item
19:44:56 INFO  manager.MyListener - The element with locator-->By.cssSelector: div.pac-itemwas found
19:44:56 INFO  manager.MyListener - Start searching element by locator-->By.id: make
19:44:57 INFO  manager.MyListener - The element with locator-->By.id: makewas found
19:44:57 INFO  manager.MyListener - Start searching element by locator-->By.id: model
19:44:57 INFO  manager.MyListener - The element with locator-->By.id: modelwas found
19:44:57 INFO  manager.MyListener - Start searching element by locator-->By.id: year
19:44:57 INFO  manager.MyListener - The element with locator-->By.id: yearwas found
19:44:57 INFO  manager.MyListener - Start searching element by locator-->By.id: engine
19:44:57 INFO  manager.MyListener - The element with locator-->By.id: enginewas found
19:44:57 INFO  manager.MyListener - Start searching element by locator-->By.id: fuel
19:44:57 INFO  manager.MyListener - The element with locator-->By.id: fuelwas found
19:44:57 INFO  manager.MyListener - Start searching element by locator-->By.xpath: .//option[@value = "Petrol"]
19:44:57 INFO  manager.MyListener - The element with locator-->By.xpath: .//option[@value = "Petrol"]was found
19:44:57 INFO  manager.MyListener - Start searching element by locator-->By.id: gear
19:44:57 INFO  manager.MyListener - The element with locator-->By.id: gearwas found
19:44:57 INFO  manager.MyListener - Start searching element by locator-->By.xpath: .//option[@value = "MT"]
19:44:57 INFO  manager.MyListener - The element with locator-->By.xpath: .//option[@value = "MT"]was found
19:44:57 INFO  manager.MyListener - Start searching element by locator-->By.id: wheelsDrive
19:44:57 INFO  manager.MyListener - The element with locator-->By.id: wheelsDrivewas found
19:44:57 INFO  manager.MyListener - Start searching element by locator-->By.xpath: .//option[@value = "AWD"]
19:44:57 INFO  manager.MyListener - The element with locator-->By.xpath: .//option[@value = "AWD"]was found
19:44:57 INFO  manager.MyListener - Start searching element by locator-->By.id: doors
19:44:57 INFO  manager.MyListener - The element with locator-->By.id: doorswas found
19:44:57 INFO  manager.MyListener - Start searching element by locator-->By.id: seats
19:44:58 INFO  manager.MyListener - The element with locator-->By.id: seatswas found
19:44:58 INFO  manager.MyListener - Start searching element by locator-->By.id: class
19:44:58 INFO  manager.MyListener - The element with locator-->By.id: classwas found
19:44:58 INFO  manager.MyListener - Start searching element by locator-->By.id: fuelConsumption
19:44:58 INFO  manager.MyListener - The element with locator-->By.id: fuelConsumptionwas found
19:44:58 INFO  manager.MyListener - Start searching element by locator-->By.id: serialNumber
19:44:58 INFO  manager.MyListener - The element with locator-->By.id: serialNumberwas found
19:44:58 INFO  manager.MyListener - Start searching element by locator-->By.id: price
19:44:58 INFO  manager.MyListener - The element with locator-->By.id: pricewas found
19:44:58 INFO  manager.MyListener - Start searching element by locator-->By.id: distance
19:44:58 INFO  manager.MyListener - The element with locator-->By.id: distancewas found
19:44:59 INFO  manager.MyListener - Start searching element by locator-->By.cssSelector: .feature-input
19:44:59 INFO  manager.MyListener - The element with locator-->By.cssSelector: .feature-inputwas found
19:44:59 INFO  manager.MyListener - Start searching element by locator-->By.id: about
19:44:59 INFO  manager.MyListener - The element with locator-->By.id: aboutwas found
19:44:59 INFO  manager.MyListener - Start searching element by locator-->By.id: photos
19:44:59 INFO  manager.MyListener - The element with locator-->By.id: photoswas found
19:44:59 INFO  manager.MyListener - Start searching element by locator-->By.xpath: //button[@type='submit']
19:44:59 INFO  manager.MyListener - The element with locator-->By.xpath: //button[@type='submit']was found
19:45:01 INFO  manager.MyListener - Start searching element by locator-->By.xpath: //div//h2[contains(.,'successful')]
19:45:03 INFO  manager.MyListener - The element with locator-->By.xpath: //div//h2[contains(.,'successful')]was found
19:45:03 INFO  manager.MyListener - Start searching element by locator-->By.xpath: //div//button[text()='Add another car']
19:45:03 INFO  manager.MyListener - The element with locator-->By.xpath: //div//button[text()='Add another car']was found
19:45:03 INFO  manager.MyListener - Start searching element by locator-->By.xpath: //a[text()=' Logout ']
19:45:03 INFO  manager.MyListener - The element with locator-->By.xpath: //a[text()=' Logout ']was found
19:45:03 INFO  tests.TestBase - The end of test--->addNewCarTestPositive
19:45:03 INFO  tests.TestBase - Start test--->addNewCarTestPositive2
19:45:03 INFO  manager.MyListener - Start searching element by locator-->By.xpath: //a[text()=' Log in ']
19:45:03 INFO  manager.MyListener - The element with locator-->By.xpath: //a[text()=' Log in ']was found
19:45:03 INFO  manager.MyListener - Start searching element by locator-->By.xpath: //div[@class='header']/a[6]
19:45:03 INFO  manager.MyListener - The element with locator-->By.xpath: //div[@class='header']/a[6]was found
19:45:03 INFO  manager.MyListener - Start searching element by locator-->By.xpath: //input[@autocomplete='username']
19:45:03 INFO  manager.MyListener - The element with locator-->By.xpath: //input[@autocomplete='username']was found
19:45:03 INFO  manager.MyListener - Start searching element by locator-->By.xpath: //input[@autocomplete='current-password']
19:45:03 INFO  manager.MyListener - The element with locator-->By.xpath: //input[@autocomplete='current-password']was found
19:45:03 INFO  manager.MyListener - Start searching element by locator-->By.xpath: //button[@type='submit']
19:45:03 INFO  manager.MyListener - The element with locator-->By.xpath: //button[@type='submit']was found
19:45:03 INFO  manager.MyListener - Start searching element by locator-->By.xpath: //button[text()='Ok']
19:45:04 INFO  manager.MyListener - The element with locator-->By.xpath: //button[text()='Ok']was found
19:45:04 INFO  manager.MyListener - Start searching element by locator-->By.xpath: //button[text()='Ok']
19:45:04 INFO  manager.MyListener - The element with locator-->By.xpath: //button[text()='Ok']was found
19:45:05 INFO  manager.MyListener - Start searching element by locator-->By.id: 1
19:45:05 INFO  manager.MyListener - The element with locator-->By.id: 1was found
19:45:05 INFO  manager.MyListener - Start searching element by locator-->By.cssSelector: h2
19:45:05 INFO  manager.MyListener - The element with locator-->By.cssSelector: h2was found
19:45:05 INFO  manager.MyListener - Start searching element by locator-->By.id: pickUpPlace
19:45:05 INFO  manager.MyListener - The element with locator-->By.id: pickUpPlacewas found
19:45:06 INFO  manager.MyListener - Start searching element by locator-->By.cssSelector: div.pac-item
19:45:06 INFO  manager.MyListener - The element with locator-->By.cssSelector: div.pac-itemwas found
19:45:07 INFO  manager.MyListener - Start searching element by locator-->By.id: make
19:45:07 INFO  manager.MyListener - The element with locator-->By.id: makewas found
19:45:07 INFO  manager.MyListener - Start searching element by locator-->By.id: model
19:45:07 INFO  manager.MyListener - The element with locator-->By.id: modelwas found
19:45:07 INFO  manager.MyListener - Start searching element by locator-->By.id: year
19:45:07 INFO  manager.MyListener - The element with locator-->By.id: yearwas found
19:45:07 INFO  manager.MyListener - Start searching element by locator-->By.id: engine
19:45:07 INFO  manager.MyListener - The element with locator-->By.id: enginewas found
19:45:07 INFO  manager.MyListener - Start searching element by locator-->By.id: fuel
19:45:07 INFO  manager.MyListener - The element with locator-->By.id: fuelwas found
19:45:07 INFO  manager.MyListener - Start searching element by locator-->By.xpath: .//option[@value = "Petrol"]
19:45:07 INFO  manager.MyListener - The element with locator-->By.xpath: .//option[@value = "Petrol"]was found
19:45:07 INFO  manager.MyListener - Start searching element by locator-->By.id: gear
19:45:07 INFO  manager.MyListener - The element with locator-->By.id: gearwas found
19:45:07 INFO  manager.MyListener - Start searching element by locator-->By.xpath: .//option[@value = "AT"]
19:45:07 INFO  manager.MyListener - The element with locator-->By.xpath: .//option[@value = "AT"]was found
19:45:07 INFO  manager.MyListener - Start searching element by locator-->By.id: wheelsDrive
19:45:07 INFO  manager.MyListener - The element with locator-->By.id: wheelsDrivewas found
19:45:07 INFO  manager.MyListener - Start searching element by locator-->By.xpath: .//option[@value = "AWD"]
19:45:07 INFO  manager.MyListener - The element with locator-->By.xpath: .//option[@value = "AWD"]was found
19:45:08 INFO  manager.MyListener - Start searching element by locator-->By.id: doors
19:45:08 INFO  manager.MyListener - The element with locator-->By.id: doorswas found
19:45:08 INFO  manager.MyListener - Start searching element by locator-->By.id: seats
19:45:08 INFO  manager.MyListener - The element with locator-->By.id: seatswas found
19:45:08 INFO  manager.MyListener - Start searching element by locator-->By.id: class
19:45:08 INFO  manager.MyListener - The element with locator-->By.id: classwas found
19:45:08 INFO  manager.MyListener - Start searching element by locator-->By.id: fuelConsumption
19:45:08 INFO  manager.MyListener - The element with locator-->By.id: fuelConsumptionwas found
19:45:08 INFO  manager.MyListener - Start searching element by locator-->By.id: serialNumber
19:45:08 INFO  manager.MyListener - The element with locator-->By.id: serialNumberwas found
19:45:08 INFO  manager.MyListener - Start searching element by locator-->By.id: price
19:45:08 INFO  manager.MyListener - The element with locator-->By.id: pricewas found
19:45:08 INFO  manager.MyListener - Start searching element by locator-->By.id: distance
19:45:08 INFO  manager.MyListener - The element with locator-->By.id: distancewas found
19:45:09 INFO  manager.MyListener - Start searching element by locator-->By.cssSelector: .feature-input
19:45:09 INFO  manager.MyListener - The element with locator-->By.cssSelector: .feature-inputwas found
19:45:09 INFO  manager.MyListener - Start searching element by locator-->By.id: about
19:45:09 INFO  manager.MyListener - The element with locator-->By.id: aboutwas found
19:45:09 INFO  manager.MyListener - Start searching element by locator-->By.id: photos
19:45:09 INFO  manager.MyListener - The element with locator-->By.id: photoswas found
19:45:09 INFO  manager.MyListener - Start searching element by locator-->By.xpath: //button[@type='submit']
19:45:09 INFO  manager.MyListener - The element with locator-->By.xpath: //button[@type='submit']was found
19:45:11 INFO  manager.MyListener - Start searching element by locator-->By.xpath: //div//h2[contains(.,'successful')]
19:45:13 INFO  manager.MyListener - The element with locator-->By.xpath: //div//h2[contains(.,'successful')]was found
19:45:13 INFO  manager.MyListener - Start searching element by locator-->By.xpath: //div//button[text()='Add another car']
19:45:13 INFO  manager.MyListener - The element with locator-->By.xpath: //div//button[text()='Add another car']was found
19:45:13 INFO  manager.MyListener - Start searching element by locator-->By.xpath: //a[text()=' Logout ']
19:45:13 INFO  manager.MyListener - The element with locator-->By.xpath: //a[text()=' Logout ']was found
19:45:13 INFO  tests.TestBase - The end of test--->addNewCarTestPositive2
