16:33:02 INFO  manager.ApplManager - Tests starts on Chrome Driver
16:33:05 INFO  tests.TestBase - Start test--->findYourCarPositive
16:33:05 INFO  manager.MyListener - Start searching element by locator-->By.xpath: //input[@id='city']
16:33:05 INFO  manager.MyListener - The element with locator-->By.xpath: //input[@id='city']was found
16:33:05 INFO  manager.MyListener - Start searching element by locator-->By.cssSelector: div.pac-item
16:33:06 INFO  manager.MyListener - The element with locator-->By.cssSelector: div.pac-itemwas found
16:33:07 INFO  manager.MyListener - Start searching element by locator-->By.xpath: (//input[@id='dates'])[1]
16:33:07 INFO  manager.MyListener - The element with locator-->By.xpath: (//input[@id='dates'])[1]was found
16:33:07 INFO  manager.MyListener - Start searching element by locator-->By.xpath: //table[@class='mat-calendar-table']
16:33:07 INFO  manager.MyListener - The element with locator-->By.xpath: //table[@class='mat-calendar-table']was found
16:33:07 ERROR manager.MyListener - Something went wrong
16:33:07 ERROR manager.MyListener - invalid element state
  (Session info: chrome=96.0.4664.45)
Build info: version: '3.141.59', revision: 'e82be7d358', time: '2018-11-14T08:17:03'
System info: host: 'LAPTOP-44JBEN25', ip: '172.20.10.2', os.name: 'Windows 10', os.arch: 'amd64', os.version: '10.0', java.version: '1.8.0_301'
Driver info: org.openqa.selenium.chrome.ChromeDriver
Capabilities {acceptInsecureCerts: false, browserName: chrome, browserVersion: 96.0.4664.45, chrome: {chromedriverVersion: 96.0.4664.45 (76e4c1bb2ab46..., userDataDir: C:\Users\gorbu\AppData\Loca...}, goog:chromeOptions: {debuggerAddress: localhost:54162}, javascriptEnabled: true, networkConnectionEnabled: false, pageLoadStrategy: normal, platform: WINDOWS, platformName: WINDOWS, proxy: Proxy(), setWindowRect: true, strictFileInteractability: false, timeouts: {implicit: 0, pageLoad: 300000, script: 30000}, unhandledPromptBehavior: dismiss and notify, webauthn:extension:credBlob: true, webauthn:extension:largeBlob: true, webauthn:virtualAuthenticators: true}
Session ID: 240d198f762ba70ce641c8b2ef718c31
16:33:07 ERROR manager.MyListener - org.openqa.selenium.InvalidElementStateException: invalid element state
  (Session info: chrome=96.0.4664.45)
Build info: version: '3.141.59', revision: 'e82be7d358', time: '2018-11-14T08:17:03'
System info: host: 'LAPTOP-44JBEN25', ip: '172.20.10.2', os.name: 'Windows 10', os.arch: 'amd64', os.version: '10.0', java.version: '1.8.0_301'
Driver info: org.openqa.selenium.chrome.ChromeDriver
Capabilities {acceptInsecureCerts: false, browserName: chrome, browserVersion: 96.0.4664.45, chrome: {chromedriverVersion: 96.0.4664.45 (76e4c1bb2ab46..., userDataDir: C:\Users\gorbu\AppData\Loca...}, goog:chromeOptions: {debuggerAddress: localhost:54162}, javascriptEnabled: true, networkConnectionEnabled: false, pageLoadStrategy: normal, platform: WINDOWS, platformName: WINDOWS, proxy: Proxy(), setWindowRect: true, strictFileInteractability: false, timeouts: {implicit: 0, pageLoad: 300000, script: 30000}, unhandledPromptBehavior: dismiss and notify, webauthn:extension:credBlob: true, webauthn:extension:largeBlob: true, webauthn:virtualAuthenticators: true}
Session ID: 240d198f762ba70ce641c8b2ef718c31
16:33:08 INFO  manager.MyListener - This link to the screenshot with error-->src/test/resources/screenshots/screenshot-1987.png
16:33:08 INFO  tests.TestBase - The end of test--->findYourCarPositive
