18:00:40 INFO  manager.ApplManager - Tests starts on FireFox Driver
18:00:43 INFO  tests.TestBase - Start test--->addNewCarTestPositive
18:00:43 INFO  manager.MyListener - Start searching element by locator-->By.xpath: //a[text()=' Log in ']
18:00:43 INFO  manager.MyListener - The element with locator-->By.xpath: //a[text()=' Log in ']was found
18:00:43 INFO  manager.MyListener - Start searching element by locator-->By.xpath: //div[@class='header']/a[6]
18:00:43 INFO  manager.MyListener - The element with locator-->By.xpath: //div[@class='header']/a[6]was found
18:00:43 INFO  manager.MyListener - Start searching element by locator-->By.xpath: //input[@autocomplete='username']
18:00:43 INFO  manager.MyListener - The element with locator-->By.xpath: //input[@autocomplete='username']was found
18:00:44 INFO  manager.MyListener - Start searching element by locator-->By.xpath: //input[@autocomplete='current-password']
18:00:44 INFO  manager.MyListener - The element with locator-->By.xpath: //input[@autocomplete='current-password']was found
18:00:44 INFO  manager.MyListener - Start searching element by locator-->By.xpath: //button[@type='submit']
18:00:44 INFO  manager.MyListener - The element with locator-->By.xpath: //button[@type='submit']was found
18:00:44 INFO  manager.MyListener - Start searching element by locator-->By.xpath: //button[text()='Ok']
18:00:45 INFO  manager.MyListener - The element with locator-->By.xpath: //button[text()='Ok']was found
18:00:45 INFO  manager.MyListener - Start searching element by locator-->By.xpath: //button[text()='Ok']
18:00:45 INFO  manager.MyListener - The element with locator-->By.xpath: //button[text()='Ok']was found
18:00:46 INFO  manager.MyListener - Start searching element by locator-->By.id: 1
18:00:46 INFO  manager.MyListener - The element with locator-->By.id: 1was found
18:00:46 INFO  manager.MyListener - Start searching element by locator-->By.cssSelector: h2
18:00:46 INFO  manager.MyListener - The element with locator-->By.cssSelector: h2was found
18:00:46 INFO  manager.MyListener - Start searching element by locator-->By.id: pickUpPlace
18:00:46 INFO  manager.MyListener - The element with locator-->By.id: pickUpPlacewas found
18:00:47 INFO  manager.MyListener - Start searching element by locator-->By.cssSelector: div.pac-item
18:00:47 INFO  manager.MyListener - The element with locator-->By.cssSelector: div.pac-itemwas found
18:00:49 INFO  manager.MyListener - Start searching element by locator-->By.id: make
18:00:49 INFO  manager.MyListener - The element with locator-->By.id: makewas found
18:00:49 INFO  manager.MyListener - Start searching element by locator-->By.id: model
18:00:49 INFO  manager.MyListener - The element with locator-->By.id: modelwas found
18:00:49 INFO  manager.MyListener - Start searching element by locator-->By.id: year
18:00:49 INFO  manager.MyListener - The element with locator-->By.id: yearwas found
18:00:49 INFO  manager.MyListener - Start searching element by locator-->By.id: engine
18:00:49 INFO  manager.MyListener - The element with locator-->By.id: enginewas found
18:00:50 INFO  manager.MyListener - Start searching element by locator-->By.id: fuel
18:00:50 INFO  manager.MyListener - The element with locator-->By.id: fuelwas found
18:00:50 INFO  manager.MyListener - Start searching element by locator-->By.xpath: .//option[@value = "Petrol"]
18:00:50 INFO  manager.MyListener - The element with locator-->By.xpath: .//option[@value = "Petrol"]was found
18:00:50 INFO  manager.MyListener - Start searching element by locator-->By.id: gear
18:00:50 INFO  manager.MyListener - The element with locator-->By.id: gearwas found
18:00:50 INFO  manager.MyListener - Start searching element by locator-->By.xpath: .//option[@value = "MT"]
18:00:50 INFO  manager.MyListener - The element with locator-->By.xpath: .//option[@value = "MT"]was found
18:00:50 INFO  manager.MyListener - Start searching element by locator-->By.id: wheelsDrive
18:00:50 INFO  manager.MyListener - The element with locator-->By.id: wheelsDrivewas found
18:00:50 INFO  manager.MyListener - Start searching element by locator-->By.xpath: .//option[@value = "AWD"]
18:00:50 INFO  manager.MyListener - The element with locator-->By.xpath: .//option[@value = "AWD"]was found
18:00:50 INFO  manager.MyListener - Start searching element by locator-->By.id: doors
18:00:50 INFO  manager.MyListener - The element with locator-->By.id: doorswas found
18:00:51 INFO  manager.MyListener - Start searching element by locator-->By.id: seats
18:00:51 INFO  manager.MyListener - The element with locator-->By.id: seatswas found
18:00:51 INFO  manager.MyListener - Start searching element by locator-->By.id: class
18:00:51 INFO  manager.MyListener - The element with locator-->By.id: classwas found
18:00:51 INFO  manager.MyListener - Start searching element by locator-->By.id: fuelConsumption
18:00:51 INFO  manager.MyListener - The element with locator-->By.id: fuelConsumptionwas found
18:00:51 INFO  manager.MyListener - Start searching element by locator-->By.id: serialNumber
18:00:51 INFO  manager.MyListener - The element with locator-->By.id: serialNumberwas found
18:00:52 INFO  manager.MyListener - Start searching element by locator-->By.id: price
18:00:52 INFO  manager.MyListener - The element with locator-->By.id: pricewas found
18:00:52 INFO  manager.MyListener - Start searching element by locator-->By.id: distance
18:00:52 INFO  manager.MyListener - The element with locator-->By.id: distancewas found
18:00:52 INFO  manager.MyListener - Start searching element by locator-->By.cssSelector: .feature-input
18:00:52 INFO  manager.MyListener - The element with locator-->By.cssSelector: .feature-inputwas found
18:00:53 INFO  manager.MyListener - Start searching element by locator-->By.id: about
18:00:53 INFO  manager.MyListener - The element with locator-->By.id: aboutwas found
18:00:53 INFO  manager.MyListener - Start searching element by locator-->By.id: photos
18:00:53 INFO  manager.MyListener - The element with locator-->By.id: photoswas found
18:00:53 INFO  manager.MyListener - Start searching element by locator-->By.xpath: //button[@type='submit']
18:00:53 INFO  manager.MyListener - The element with locator-->By.xpath: //button[@type='submit']was found
18:00:55 INFO  manager.MyListener - Start searching element by locator-->By.xpath: //div//h2[contains(.,'successful')]
18:00:56 INFO  manager.MyListener - The element with locator-->By.xpath: //div//h2[contains(.,'successful')]was found
18:00:56 INFO  manager.MyListener - Start searching element by locator-->By.xpath: //div//button[text()='Add another car']
18:00:56 INFO  manager.MyListener - The element with locator-->By.xpath: //div//button[text()='Add another car']was found
18:00:57 INFO  manager.MyListener - Start searching element by locator-->By.xpath: //a[text()=' Logout ']
18:00:57 INFO  manager.MyListener - The element with locator-->By.xpath: //a[text()=' Logout ']was found
18:00:57 INFO  tests.TestBase - The end of test--->addNewCarTestPositive
18:00:57 INFO  tests.TestBase - Start test--->addNewCarTestPositive2
18:00:57 INFO  manager.MyListener - Start searching element by locator-->By.xpath: //a[text()=' Log in ']
18:00:57 INFO  manager.MyListener - The element with locator-->By.xpath: //a[text()=' Log in ']was found
18:00:57 INFO  manager.MyListener - Start searching element by locator-->By.xpath: //div[@class='header']/a[6]
18:00:57 INFO  manager.MyListener - The element with locator-->By.xpath: //div[@class='header']/a[6]was found
18:00:57 INFO  manager.MyListener - Start searching element by locator-->By.xpath: //input[@autocomplete='username']
18:00:57 INFO  manager.MyListener - The element with locator-->By.xpath: //input[@autocomplete='username']was found
18:00:58 INFO  manager.MyListener - Start searching element by locator-->By.xpath: //input[@autocomplete='current-password']
18:00:58 INFO  manager.MyListener - The element with locator-->By.xpath: //input[@autocomplete='current-password']was found
18:00:58 INFO  manager.MyListener - Start searching element by locator-->By.xpath: //button[@type='submit']
18:00:58 INFO  manager.MyListener - The element with locator-->By.xpath: //button[@type='submit']was found
18:00:58 INFO  manager.MyListener - Start searching element by locator-->By.xpath: //button[text()='Ok']
18:00:58 INFO  manager.MyListener - The element with locator-->By.xpath: //button[text()='Ok']was found
18:00:58 INFO  manager.MyListener - Start searching element by locator-->By.xpath: //button[text()='Ok']
18:00:58 INFO  manager.MyListener - The element with locator-->By.xpath: //button[text()='Ok']was found
18:01:00 INFO  manager.MyListener - Start searching element by locator-->By.id: 1
18:01:00 INFO  manager.MyListener - The element with locator-->By.id: 1was found
18:01:00 INFO  manager.MyListener - Start searching element by locator-->By.cssSelector: h2
18:01:00 INFO  manager.MyListener - The element with locator-->By.cssSelector: h2was found
18:01:00 INFO  manager.MyListener - Start searching element by locator-->By.id: pickUpPlace
18:01:00 INFO  manager.MyListener - The element with locator-->By.id: pickUpPlacewas found
18:01:00 INFO  manager.MyListener - Start searching element by locator-->By.cssSelector: div.pac-item
18:01:01 INFO  manager.MyListener - The element with locator-->By.cssSelector: div.pac-itemwas found
18:01:02 INFO  manager.MyListener - Start searching element by locator-->By.id: make
18:01:02 INFO  manager.MyListener - The element with locator-->By.id: makewas found
18:01:02 INFO  manager.MyListener - Start searching element by locator-->By.id: model
18:01:02 INFO  manager.MyListener - The element with locator-->By.id: modelwas found
18:01:02 INFO  manager.MyListener - Start searching element by locator-->By.id: year
18:01:02 INFO  manager.MyListener - The element with locator-->By.id: yearwas found
18:01:03 INFO  manager.MyListener - Start searching element by locator-->By.id: engine
18:01:03 INFO  manager.MyListener - The element with locator-->By.id: enginewas found
18:01:03 INFO  manager.MyListener - Start searching element by locator-->By.id: fuel
18:01:03 INFO  manager.MyListener - The element with locator-->By.id: fuelwas found
18:01:03 INFO  manager.MyListener - Start searching element by locator-->By.xpath: .//option[@value = "Petrol"]
18:01:03 INFO  manager.MyListener - The element with locator-->By.xpath: .//option[@value = "Petrol"]was found
18:01:03 INFO  manager.MyListener - Start searching element by locator-->By.id: gear
18:01:03 INFO  manager.MyListener - The element with locator-->By.id: gearwas found
18:01:03 INFO  manager.MyListener - Start searching element by locator-->By.xpath: .//option[@value = "AT"]
18:01:03 INFO  manager.MyListener - The element with locator-->By.xpath: .//option[@value = "AT"]was found
18:01:03 INFO  manager.MyListener - Start searching element by locator-->By.id: wheelsDrive
18:01:03 INFO  manager.MyListener - The element with locator-->By.id: wheelsDrivewas found
18:01:03 INFO  manager.MyListener - Start searching element by locator-->By.xpath: .//option[@value = "AWD"]
18:01:04 INFO  manager.MyListener - The element with locator-->By.xpath: .//option[@value = "AWD"]was found
18:01:04 INFO  manager.MyListener - Start searching element by locator-->By.id: doors
18:01:04 INFO  manager.MyListener - The element with locator-->By.id: doorswas found
18:01:04 INFO  manager.MyListener - Start searching element by locator-->By.id: seats
18:01:04 INFO  manager.MyListener - The element with locator-->By.id: seatswas found
18:01:04 INFO  manager.MyListener - Start searching element by locator-->By.id: class
18:01:04 INFO  manager.MyListener - The element with locator-->By.id: classwas found
18:01:05 INFO  manager.MyListener - Start searching element by locator-->By.id: fuelConsumption
18:01:05 INFO  manager.MyListener - The element with locator-->By.id: fuelConsumptionwas found
18:01:05 INFO  manager.MyListener - Start searching element by locator-->By.id: serialNumber
18:01:05 INFO  manager.MyListener - The element with locator-->By.id: serialNumberwas found
18:01:05 INFO  manager.MyListener - Start searching element by locator-->By.id: price
18:01:05 INFO  manager.MyListener - The element with locator-->By.id: pricewas found
18:01:05 INFO  manager.MyListener - Start searching element by locator-->By.id: distance
18:01:05 INFO  manager.MyListener - The element with locator-->By.id: distancewas found
18:01:06 INFO  manager.MyListener - Start searching element by locator-->By.cssSelector: .feature-input
18:01:06 INFO  manager.MyListener - The element with locator-->By.cssSelector: .feature-inputwas found
18:01:06 INFO  manager.MyListener - Start searching element by locator-->By.id: about
18:01:06 INFO  manager.MyListener - The element with locator-->By.id: aboutwas found
18:01:06 INFO  manager.MyListener - Start searching element by locator-->By.id: photos
18:01:06 INFO  manager.MyListener - The element with locator-->By.id: photoswas found
18:01:06 INFO  manager.MyListener - Start searching element by locator-->By.xpath: //button[@type='submit']
18:01:06 INFO  manager.MyListener - The element with locator-->By.xpath: //button[@type='submit']was found
18:01:08 INFO  manager.MyListener - Start searching element by locator-->By.xpath: //div//h2[contains(.,'successful')]
18:01:10 INFO  manager.MyListener - The element with locator-->By.xpath: //div//h2[contains(.,'successful')]was found
18:01:10 INFO  manager.MyListener - Start searching element by locator-->By.xpath: //div//button[text()='Add another car']
18:01:10 INFO  manager.MyListener - The element with locator-->By.xpath: //div//button[text()='Add another car']was found
18:01:10 INFO  manager.MyListener - Start searching element by locator-->By.xpath: //a[text()=' Logout ']
18:01:10 INFO  manager.MyListener - The element with locator-->By.xpath: //a[text()=' Logout ']was found
18:01:10 INFO  tests.TestBase - The end of test--->addNewCarTestPositive2
18:01:15 INFO  manager.ApplManager - Tests starts on FireFox Driver
18:01:18 INFO  tests.TestBase - Start test--->test
18:01:18 INFO  manager.MyListener - Start searching element by locator-->By.xpath: //a[@href="/logout?url=%2Fsearch"]
18:01:33 INFO  manager.MyListener - The element with locator-->By.xpath: //a[@href="/logout?url=%2Fsearch"]was found
18:01:33 INFO  tests.TestBase - Test Login Positive starts with email-->goodwin49@mail.ru
18:01:33 INFO  tests.TestBase - Test Login Positive starts with password-->Car12345
18:01:33 INFO  manager.MyListener - Start searching element by locator-->By.xpath: //div[@class='header']/a[6]
18:01:33 INFO  manager.MyListener - The element with locator-->By.xpath: //div[@class='header']/a[6]was found
18:01:33 INFO  manager.MyListener - Start searching element by locator-->By.xpath: //input[@autocomplete='username']
18:01:33 INFO  manager.MyListener - The element with locator-->By.xpath: //input[@autocomplete='username']was found
18:01:33 INFO  manager.MyListener - Start searching element by locator-->By.xpath: //input[@autocomplete='current-password']
18:01:33 INFO  manager.MyListener - The element with locator-->By.xpath: //input[@autocomplete='current-password']was found
18:01:34 INFO  manager.MyListener - Start searching element by locator-->By.xpath: //button[@type='submit']
18:01:34 INFO  manager.MyListener - The element with locator-->By.xpath: //button[@type='submit']was found
18:01:36 INFO  manager.MyListener - Start searching element by locator-->By.cssSelector: .dialog-container
18:01:36 INFO  manager.MyListener - The element with locator-->By.cssSelector: .dialog-containerwas found
18:01:36 INFO  manager.MyListener - Start searching element by locator-->By.cssSelector: .dialog-container h2
18:01:36 INFO  manager.MyListener - The element with locator-->By.cssSelector: .dialog-container h2was found
18:01:36 INFO  manager.MyListener - Start searching element by locator-->By.xpath: //button[text()='Ok']
18:01:36 INFO  manager.MyListener - The element with locator-->By.xpath: //button[text()='Ok']was found
18:01:36 INFO  manager.MyListener - Start searching element by locator-->By.xpath: //button[text()='Ok']
18:01:36 INFO  manager.MyListener - The element with locator-->By.xpath: //button[text()='Ok']was found
18:01:36 INFO  tests.TestBase - The end of test--->test
18:01:36 INFO  tests.TestBase - Start test--->wrongEmail
18:01:36 INFO  manager.MyListener - Start searching element by locator-->By.xpath: //a[@href="/logout?url=%2Fsearch"]
18:01:36 INFO  manager.MyListener - The element with locator-->By.xpath: //a[@href="/logout?url=%2Fsearch"]was found
18:01:36 INFO  manager.MyListener - Start searching element by locator-->By.xpath: //a[@href="/logout?url=%2Fsearch"]
18:01:36 INFO  manager.MyListener - The element with locator-->By.xpath: //a[@href="/logout?url=%2Fsearch"]was found
18:01:36 INFO  tests.TestBase - Test Login Negative wrong email starts with email-->goodwin49mail.ru
18:01:36 INFO  tests.TestBase - Test Login Negative wrong email starts with password-->Car12345
18:01:36 INFO  manager.MyListener - Start searching element by locator-->By.xpath: //div[@class='header']/a[6]
18:01:36 INFO  manager.MyListener - The element with locator-->By.xpath: //div[@class='header']/a[6]was found
18:01:37 INFO  manager.MyListener - Start searching element by locator-->By.xpath: //input[@autocomplete='username']
18:01:37 INFO  manager.MyListener - The element with locator-->By.xpath: //input[@autocomplete='username']was found
18:01:37 INFO  manager.MyListener - Start searching element by locator-->By.xpath: //input[@autocomplete='current-password']
18:01:37 INFO  manager.MyListener - The element with locator-->By.xpath: //input[@autocomplete='current-password']was found
18:01:37 INFO  manager.MyListener - Start searching element by locator-->By.xpath: //button[@type='submit']
18:01:37 INFO  manager.MyListener - The element with locator-->By.xpath: //button[@type='submit']was found
18:01:37 INFO  manager.MyListener - Start searching element by locator-->By.xpath: //div[contains(text(),"It'snot")]
18:01:37 INFO  manager.MyListener - The element with locator-->By.xpath: //div[contains(text(),"It'snot")]was found
18:01:37 INFO  manager.MyListener - Start searching element by locator-->By.xpath: //a[@href="/logout?url=%2Fsearch"]
18:01:52 INFO  manager.MyListener - The element with locator-->By.xpath: //a[@href="/logout?url=%2Fsearch"]was found
18:01:52 INFO  manager.MyListener - Start searching element by locator-->By.xpath: //button[text()='Ok']
18:02:07 INFO  manager.MyListener - The element with locator-->By.xpath: //button[text()='Ok']was found
18:02:07 INFO  tests.TestBase - The end of test--->wrongEmail
18:02:07 INFO  tests.TestBase - Start test--->wrongPass
18:02:07 INFO  manager.MyListener - Start searching element by locator-->By.xpath: //a[@href="/logout?url=%2Fsearch"]
18:02:22 INFO  manager.MyListener - The element with locator-->By.xpath: //a[@href="/logout?url=%2Fsearch"]was found
18:02:22 INFO  tests.TestBase - Test Login Negative wrong password starts with email-->goodwin49@mail.ru
18:02:22 INFO  tests.TestBase - Test Login Negative wrong password starts with password-->ar12345
18:02:22 INFO  manager.MyListener - Start searching element by locator-->By.xpath: //div[@class='header']/a[6]
18:02:22 INFO  manager.MyListener - The element with locator-->By.xpath: //div[@class='header']/a[6]was found
18:02:22 INFO  manager.MyListener - Start searching element by locator-->By.xpath: //input[@autocomplete='username']
18:02:23 INFO  manager.MyListener - The element with locator-->By.xpath: //input[@autocomplete='username']was found
18:02:23 INFO  manager.MyListener - Start searching element by locator-->By.xpath: //input[@autocomplete='current-password']
18:02:23 INFO  manager.MyListener - The element with locator-->By.xpath: //input[@autocomplete='current-password']was found
18:02:23 INFO  manager.MyListener - Start searching element by locator-->By.xpath: //button[@type='submit']
18:02:23 INFO  manager.MyListener - The element with locator-->By.xpath: //button[@type='submit']was found
18:02:23 INFO  manager.MyListener - Start searching element by locator-->By.xpath: //mat-dialog-container
18:02:24 INFO  manager.MyListener - The element with locator-->By.xpath: //mat-dialog-containerwas found
18:02:24 INFO  manager.MyListener - Start searching element by locator-->By.xpath: //mat-dialog-container//h2
18:02:24 INFO  manager.MyListener - The element with locator-->By.xpath: //mat-dialog-container//h2was found
18:02:24 INFO  manager.MyListener - Start searching element by locator-->By.xpath: //a[@href="/logout?url=%2Fsearch"]
18:02:39 INFO  manager.MyListener - The element with locator-->By.xpath: //a[@href="/logout?url=%2Fsearch"]was found
18:02:39 INFO  manager.MyListener - Start searching element by locator-->By.xpath: //button[text()='Ok']
18:02:39 INFO  manager.MyListener - The element with locator-->By.xpath: //button[text()='Ok']was found
18:02:39 INFO  manager.MyListener - Start searching element by locator-->By.xpath: //button[text()='Ok']
18:02:39 INFO  manager.MyListener - The element with locator-->By.xpath: //button[text()='Ok']was found
18:02:39 INFO  tests.TestBase - The end of test--->wrongPass
18:02:39 INFO  tests.TestBase - Start test--->regTestPositive
18:02:39 INFO  manager.MyListener - Start searching element by locator-->By.xpath: //a[@href="/logout?url=%2Fsearch"]
18:02:54 INFO  manager.MyListener - The element with locator-->By.xpath: //a[@href="/logout?url=%2Fsearch"]was found
18:02:54 INFO  tests.TestBase - Test Registration Positive starts with email--->asdh174@gmail.com
18:02:54 INFO  tests.TestBase - Test Registration Positive starts with password--->Qwery1234
18:02:54 INFO  manager.MyListener - Start searching element by locator-->By.xpath: //a[@href='/registration?url=%2Fsearch']
18:02:54 INFO  manager.MyListener - The element with locator-->By.xpath: //a[@href='/registration?url=%2Fsearch']was found
18:02:54 INFO  manager.MyListener - Start searching element by locator-->By.xpath: //input[@autocomplete='name']
18:02:54 INFO  manager.MyListener - The element with locator-->By.xpath: //input[@autocomplete='name']was found
18:02:55 INFO  manager.MyListener - Start searching element by locator-->By.xpath: //input[@autocomplete='family-name']
18:02:55 INFO  manager.MyListener - The element with locator-->By.xpath: //input[@autocomplete='family-name']was found
18:02:55 INFO  manager.MyListener - Start searching element by locator-->By.xpath: //input[@autocomplete='email']
18:02:55 INFO  manager.MyListener - The element with locator-->By.xpath: //input[@autocomplete='email']was found
18:02:55 INFO  manager.MyListener - Start searching element by locator-->By.xpath: //input[@autocomplete='new-password']
18:02:55 INFO  manager.MyListener - The element with locator-->By.xpath: //input[@autocomplete='new-password']was found
18:02:56 INFO  manager.MyListener - Start searching element by locator-->By.cssSelector: .checkbox-container
18:02:56 INFO  manager.MyListener - The element with locator-->By.cssSelector: .checkbox-containerwas found
18:02:56 INFO  manager.MyListener - Start searching element by locator-->By.xpath: //button[@type='submit']
18:02:56 INFO  manager.MyListener - The element with locator-->By.xpath: //button[@type='submit']was found
18:02:56 INFO  manager.MyListener - Start searching element by locator-->By.xpath: //h2[text()='You are logged in success']
18:02:57 INFO  manager.MyListener - The element with locator-->By.xpath: //h2[text()='You are logged in success']was found
18:02:57 INFO  manager.MyListener - Start searching element by locator-->By.xpath: //h2[text()='You are logged in success']
18:02:57 INFO  manager.MyListener - The element with locator-->By.xpath: //h2[text()='You are logged in success']was found
18:02:57 INFO  manager.MyListener - Start searching element by locator-->By.xpath: //button[text()='Ok']
18:02:57 INFO  manager.MyListener - The element with locator-->By.xpath: //button[text()='Ok']was found
18:02:57 INFO  manager.MyListener - Start searching element by locator-->By.xpath: //button[text()='Ok']
18:02:57 INFO  manager.MyListener - The element with locator-->By.xpath: //button[text()='Ok']was found
18:02:57 INFO  tests.TestBase - The end of test--->regTestPositive
