18:38:39 INFO  manager.ApplManager - Tests starts on Chrome Driver
18:38:50 INFO  tests.TestBase - Start test--->findYourCarPositive3
18:38:50 INFO  manager.MyListener - Start searching element by locator-->By.xpath: //input[@id='city']
18:38:50 INFO  manager.MyListener - The element with locator-->By.xpath: //input[@id='city']was found
18:38:50 INFO  manager.MyListener - Start searching element by locator-->By.cssSelector: div.pac-item
18:38:51 INFO  manager.MyListener - The element with locator-->By.cssSelector: div.pac-itemwas found
18:38:51 INFO  manager.MyListener - Start searching element by locator-->By.xpath: (//input[@id='dates'])[1]
18:38:51 INFO  manager.MyListener - The element with locator-->By.xpath: (//input[@id='dates'])[1]was found
18:38:51 INFO  manager.MyListener - Start searching element by locator-->By.xpath: //div[text()= 28 ]
18:38:51 INFO  manager.MyListener - The element with locator-->By.xpath: //div[text()= 28 ]was found
18:38:51 INFO  manager.MyListener - Start searching element by locator-->By.xpath: //div[text()= 30 ]
18:38:51 INFO  manager.MyListener - The element with locator-->By.xpath: //div[text()= 30 ]was found
18:38:51 ERROR manager.MyListener - Something went wrong
18:38:51 ERROR manager.MyListener - stale element reference: element is not attached to the page document
  (Session info: chrome=96.0.4664.45)
For documentation on this error, please visit: https://www.seleniumhq.org/exceptions/stale_element_reference.html
Build info: version: '3.141.59', revision: 'e82be7d358', time: '2018-11-14T08:17:03'
System info: host: 'LAPTOP-44JBEN25', ip: '172.20.10.2', os.name: 'Windows 10', os.arch: 'amd64', os.version: '10.0', java.version: '1.8.0_301'
Driver info: org.openqa.selenium.chrome.ChromeDriver
Capabilities {acceptInsecureCerts: false, browserName: chrome, browserVersion: 96.0.4664.45, chrome: {chromedriverVersion: 96.0.4664.45 (76e4c1bb2ab46..., userDataDir: C:\Users\gorbu\AppData\Loca...}, goog:chromeOptions: {debuggerAddress: localhost:62561}, javascriptEnabled: true, networkConnectionEnabled: false, pageLoadStrategy: normal, platform: WINDOWS, platformName: WINDOWS, proxy: Proxy(), setWindowRect: true, strictFileInteractability: false, timeouts: {implicit: 0, pageLoad: 300000, script: 30000}, unhandledPromptBehavior: dismiss and notify, webauthn:extension:credBlob: true, webauthn:extension:largeBlob: true, webauthn:virtualAuthenticators: true}
Session ID: f9051b104dc9ac4cf5965c89f5071492
18:38:51 ERROR manager.MyListener - org.openqa.selenium.StaleElementReferenceException: stale element reference: element is not attached to the page document
  (Session info: chrome=96.0.4664.45)
For documentation on this error, please visit: https://www.seleniumhq.org/exceptions/stale_element_reference.html
Build info: version: '3.141.59', revision: 'e82be7d358', time: '2018-11-14T08:17:03'
System info: host: 'LAPTOP-44JBEN25', ip: '172.20.10.2', os.name: 'Windows 10', os.arch: 'amd64', os.version: '10.0', java.version: '1.8.0_301'
Driver info: org.openqa.selenium.chrome.ChromeDriver
Capabilities {acceptInsecureCerts: false, browserName: chrome, browserVersion: 96.0.4664.45, chrome: {chromedriverVersion: 96.0.4664.45 (76e4c1bb2ab46..., userDataDir: C:\Users\gorbu\AppData\Loca...}, goog:chromeOptions: {debuggerAddress: localhost:62561}, javascriptEnabled: true, networkConnectionEnabled: false, pageLoadStrategy: normal, platform: WINDOWS, platformName: WINDOWS, proxy: Proxy(), setWindowRect: true, strictFileInteractability: false, timeouts: {implicit: 0, pageLoad: 300000, script: 30000}, unhandledPromptBehavior: dismiss and notify, webauthn:extension:credBlob: true, webauthn:extension:largeBlob: true, webauthn:virtualAuthenticators: true}
Session ID: f9051b104dc9ac4cf5965c89f5071492
18:38:52 INFO  manager.MyListener - This link to the screenshot with error-->src/test/resources/screenshots/screenshot-2331.png
18:38:52 INFO  tests.TestBase - The end of test--->findYourCarPositive3
