21:14:52 INFO  manager.ApplManager - Tests starts on Chrome Driver
21:15:05 INFO  tests.TestBase - Start test--->test
21:15:05 INFO  manager.MyListener - Start searching element by locator-->By.xpath: //a[@href="/logout?url=%2Fsearch"]
21:15:20 INFO  manager.MyListener - The element with locator-->By.xpath: //a[@href="/logout?url=%2Fsearch"]was found
21:15:20 INFO  manager.MyListener - Start searching element by locator-->By.xpath: //div[@class='header']/a[6]
21:15:20 INFO  manager.MyListener - The element with locator-->By.xpath: //div[@class='header']/a[6]was found
21:15:20 INFO  manager.MyListener - Start searching element by locator-->By.xpath: //input[@autocomplete='username']
21:15:20 INFO  manager.MyListener - The element with locator-->By.xpath: //input[@autocomplete='username']was found
21:15:20 INFO  manager.MyListener - Start searching element by locator-->By.xpath: //input[@autocomplete='current-password']
21:15:20 INFO  manager.MyListener - The element with locator-->By.xpath: //input[@autocomplete='current-password']was found
21:15:20 INFO  manager.MyListener - Start searching element by locator-->By.xpath: //button[@type='submit']
21:15:20 INFO  manager.MyListener - The element with locator-->By.xpath: //button[@type='submit']was found
21:15:22 INFO  manager.MyListener - Start searching element by locator-->By.cssSelector: .dialog-container
21:15:22 INFO  manager.MyListener - The element with locator-->By.cssSelector: .dialog-containerwas found
21:15:22 INFO  manager.MyListener - Start searching element by locator-->By.cssSelector: .dialog-container h2
21:15:22 INFO  manager.MyListener - The element with locator-->By.cssSelector: .dialog-container h2was found
21:15:22 INFO  manager.MyListener - Start searching element by locator-->By.xpath: //button[text()='Ok']
21:15:22 INFO  manager.MyListener - The element with locator-->By.xpath: //button[text()='Ok']was found
21:15:22 INFO  manager.MyListener - Start searching element by locator-->By.xpath: //button[text()='Ok']
21:15:22 INFO  manager.MyListener - The element with locator-->By.xpath: //button[text()='Ok']was found
21:15:23 INFO  tests.TestBase - The end of test--->test
21:15:23 INFO  tests.TestBase - Start test--->test
21:15:23 INFO  manager.MyListener - Start searching element by locator-->By.xpath: //a[@href="/logout?url=%2Fsearch"]
21:15:23 INFO  manager.MyListener - The element with locator-->By.xpath: //a[@href="/logout?url=%2Fsearch"]was found
21:15:23 INFO  manager.MyListener - Start searching element by locator-->By.xpath: //a[@href="/logout?url=%2Fsearch"]
21:15:23 INFO  manager.MyListener - The element with locator-->By.xpath: //a[@href="/logout?url=%2Fsearch"]was found
21:15:23 INFO  manager.MyListener - Start searching element by locator-->By.xpath: //div[@class='header']/a[6]
21:15:23 INFO  manager.MyListener - The element with locator-->By.xpath: //div[@class='header']/a[6]was found
21:15:23 INFO  manager.MyListener - Start searching element by locator-->By.xpath: //input[@autocomplete='username']
21:15:23 INFO  manager.MyListener - The element with locator-->By.xpath: //input[@autocomplete='username']was found
21:15:23 INFO  manager.MyListener - Start searching element by locator-->By.xpath: //input[@autocomplete='current-password']
21:15:23 INFO  manager.MyListener - The element with locator-->By.xpath: //input[@autocomplete='current-password']was found
21:15:23 INFO  manager.MyListener - Start searching element by locator-->By.xpath: //button[@type='submit']
21:15:23 INFO  manager.MyListener - The element with locator-->By.xpath: //button[@type='submit']was found
21:15:25 INFO  manager.MyListener - Start searching element by locator-->By.cssSelector: .dialog-container
21:15:25 INFO  manager.MyListener - The element with locator-->By.cssSelector: .dialog-containerwas found
21:15:25 INFO  manager.MyListener - Start searching element by locator-->By.cssSelector: .dialog-container h2
21:15:25 INFO  manager.MyListener - The element with locator-->By.cssSelector: .dialog-container h2was found
21:15:25 INFO  manager.MyListener - Start searching element by locator-->By.xpath: //button[text()='Ok']
21:15:25 INFO  manager.MyListener - The element with locator-->By.xpath: //button[text()='Ok']was found
21:15:25 INFO  manager.MyListener - Start searching element by locator-->By.xpath: //button[text()='Ok']
21:15:25 INFO  manager.MyListener - The element with locator-->By.xpath: //button[text()='Ok']was found
21:15:25 INFO  tests.TestBase - The end of test--->test
21:15:25 INFO  tests.TestBase - Start test--->test
21:15:25 INFO  manager.MyListener - Start searching element by locator-->By.xpath: //a[@href="/logout?url=%2Fsearch"]
21:15:25 INFO  manager.MyListener - The element with locator-->By.xpath: //a[@href="/logout?url=%2Fsearch"]was found
21:15:25 INFO  manager.MyListener - Start searching element by locator-->By.xpath: //a[@href="/logout?url=%2Fsearch"]
21:15:25 INFO  manager.MyListener - The element with locator-->By.xpath: //a[@href="/logout?url=%2Fsearch"]was found
21:15:25 INFO  manager.MyListener - Start searching element by locator-->By.xpath: //div[@class='header']/a[6]
21:15:25 INFO  manager.MyListener - The element with locator-->By.xpath: //div[@class='header']/a[6]was found
21:15:25 INFO  manager.MyListener - Start searching element by locator-->By.xpath: //input[@autocomplete='username']
21:15:25 INFO  manager.MyListener - The element with locator-->By.xpath: //input[@autocomplete='username']was found
21:15:26 INFO  manager.MyListener - Start searching element by locator-->By.xpath: //input[@autocomplete='current-password']
21:15:26 INFO  manager.MyListener - The element with locator-->By.xpath: //input[@autocomplete='current-password']was found
21:15:26 INFO  manager.MyListener - Start searching element by locator-->By.xpath: //button[@type='submit']
21:15:26 INFO  manager.MyListener - The element with locator-->By.xpath: //button[@type='submit']was found
21:15:28 INFO  manager.MyListener - Start searching element by locator-->By.cssSelector: .dialog-container
21:15:28 INFO  manager.MyListener - The element with locator-->By.cssSelector: .dialog-containerwas found
21:15:28 INFO  manager.MyListener - Start searching element by locator-->By.cssSelector: .dialog-container h2
21:15:28 INFO  manager.MyListener - The element with locator-->By.cssSelector: .dialog-container h2was found
21:15:28 INFO  manager.MyListener - Start searching element by locator-->By.xpath: //button[text()='Ok']
21:15:28 INFO  manager.MyListener - The element with locator-->By.xpath: //button[text()='Ok']was found
21:15:28 INFO  manager.MyListener - Start searching element by locator-->By.xpath: //button[text()='Ok']
21:15:28 INFO  manager.MyListener - The element with locator-->By.xpath: //button[text()='Ok']was found
21:15:28 INFO  tests.TestBase - The end of test--->test
21:15:28 INFO  tests.TestBase - Start test--->test2
21:15:28 INFO  manager.MyListener - Start searching element by locator-->By.xpath: //a[@href="/logout?url=%2Fsearch"]
21:15:28 INFO  manager.MyListener - The element with locator-->By.xpath: //a[@href="/logout?url=%2Fsearch"]was found
21:15:28 INFO  manager.MyListener - Start searching element by locator-->By.xpath: //a[@href="/logout?url=%2Fsearch"]
21:15:28 INFO  manager.MyListener - The element with locator-->By.xpath: //a[@href="/logout?url=%2Fsearch"]was found
21:15:28 INFO  tests.TestBase - Test Login Positive starts with email-->goodwin49@mail.ru
21:15:28 INFO  tests.TestBase - Test Login Positive starts with password-->Car12345
21:15:28 INFO  manager.MyListener - Start searching element by locator-->By.xpath: //div[@class='header']/a[6]
21:15:28 INFO  manager.MyListener - The element with locator-->By.xpath: //div[@class='header']/a[6]was found
21:15:28 INFO  manager.MyListener - Start searching element by locator-->By.xpath: //input[@autocomplete='username']
21:15:28 INFO  manager.MyListener - The element with locator-->By.xpath: //input[@autocomplete='username']was found
21:15:28 INFO  manager.MyListener - Start searching element by locator-->By.xpath: //input[@autocomplete='current-password']
21:15:28 INFO  manager.MyListener - The element with locator-->By.xpath: //input[@autocomplete='current-password']was found
21:15:28 INFO  manager.MyListener - Start searching element by locator-->By.xpath: //button[@type='submit']
21:15:28 INFO  manager.MyListener - The element with locator-->By.xpath: //button[@type='submit']was found
21:15:31 INFO  manager.MyListener - Start searching element by locator-->By.cssSelector: .dialog-container
21:15:31 INFO  manager.MyListener - The element with locator-->By.cssSelector: .dialog-containerwas found
21:15:31 INFO  manager.MyListener - Start searching element by locator-->By.cssSelector: .dialog-container h2
21:15:31 INFO  manager.MyListener - The element with locator-->By.cssSelector: .dialog-container h2was found
21:15:31 INFO  manager.MyListener - Start searching element by locator-->By.xpath: //button[text()='Ok']
21:15:31 INFO  manager.MyListener - The element with locator-->By.xpath: //button[text()='Ok']was found
21:15:31 INFO  manager.MyListener - Start searching element by locator-->By.xpath: //button[text()='Ok']
21:15:31 INFO  manager.MyListener - The element with locator-->By.xpath: //button[text()='Ok']was found
21:15:31 INFO  tests.TestBase - The end of test--->test2
21:15:31 INFO  tests.TestBase - Start test--->test2
21:15:31 INFO  manager.MyListener - Start searching element by locator-->By.xpath: //a[@href="/logout?url=%2Fsearch"]
21:15:31 INFO  manager.MyListener - The element with locator-->By.xpath: //a[@href="/logout?url=%2Fsearch"]was found
21:15:31 INFO  manager.MyListener - Start searching element by locator-->By.xpath: //a[@href="/logout?url=%2Fsearch"]
21:15:31 INFO  manager.MyListener - The element with locator-->By.xpath: //a[@href="/logout?url=%2Fsearch"]was found
21:15:31 INFO  tests.TestBase - Test Login Positive starts with email-->goodwin49@mail.ru
21:15:31 INFO  tests.TestBase - Test Login Positive starts with password-->Car12345
21:15:31 INFO  manager.MyListener - Start searching element by locator-->By.xpath: //div[@class='header']/a[6]
21:15:31 INFO  manager.MyListener - The element with locator-->By.xpath: //div[@class='header']/a[6]was found
21:15:31 INFO  manager.MyListener - Start searching element by locator-->By.xpath: //input[@autocomplete='username']
21:15:31 INFO  manager.MyListener - The element with locator-->By.xpath: //input[@autocomplete='username']was found
21:15:31 INFO  manager.MyListener - Start searching element by locator-->By.xpath: //input[@autocomplete='current-password']
21:15:31 INFO  manager.MyListener - The element with locator-->By.xpath: //input[@autocomplete='current-password']was found
21:15:31 INFO  manager.MyListener - Start searching element by locator-->By.xpath: //button[@type='submit']
21:15:31 INFO  manager.MyListener - The element with locator-->By.xpath: //button[@type='submit']was found
21:15:33 INFO  manager.MyListener - Start searching element by locator-->By.cssSelector: .dialog-container
21:15:33 INFO  manager.MyListener - The element with locator-->By.cssSelector: .dialog-containerwas found
21:15:33 INFO  manager.MyListener - Start searching element by locator-->By.cssSelector: .dialog-container h2
21:15:33 INFO  manager.MyListener - The element with locator-->By.cssSelector: .dialog-container h2was found
21:15:33 INFO  manager.MyListener - Start searching element by locator-->By.xpath: //button[text()='Ok']
21:15:33 INFO  manager.MyListener - The element with locator-->By.xpath: //button[text()='Ok']was found
21:15:33 INFO  manager.MyListener - Start searching element by locator-->By.xpath: //button[text()='Ok']
21:15:33 INFO  manager.MyListener - The element with locator-->By.xpath: //button[text()='Ok']was found
21:15:33 INFO  tests.TestBase - The end of test--->test2
21:15:33 INFO  tests.TestBase - Start test--->wrongEmail
21:15:33 INFO  manager.MyListener - Start searching element by locator-->By.xpath: //a[@href="/logout?url=%2Fsearch"]
21:15:33 INFO  manager.MyListener - The element with locator-->By.xpath: //a[@href="/logout?url=%2Fsearch"]was found
21:15:34 INFO  manager.MyListener - Start searching element by locator-->By.xpath: //a[@href="/logout?url=%2Fsearch"]
21:15:34 INFO  manager.MyListener - The element with locator-->By.xpath: //a[@href="/logout?url=%2Fsearch"]was found
21:15:34 INFO  tests.TestBase - Test Login Negative wrong email starts with email-->goodwin49mail.ru
21:15:34 INFO  tests.TestBase - Test Login Negative wrong email starts with password-->Car12345
21:15:34 INFO  manager.MyListener - Start searching element by locator-->By.xpath: //div[@class='header']/a[6]
21:15:34 INFO  manager.MyListener - The element with locator-->By.xpath: //div[@class='header']/a[6]was found
21:15:34 INFO  manager.MyListener - Start searching element by locator-->By.xpath: //input[@autocomplete='username']
21:15:34 INFO  manager.MyListener - The element with locator-->By.xpath: //input[@autocomplete='username']was found
21:15:34 INFO  manager.MyListener - Start searching element by locator-->By.xpath: //input[@autocomplete='current-password']
21:15:34 INFO  manager.MyListener - The element with locator-->By.xpath: //input[@autocomplete='current-password']was found
21:15:34 INFO  manager.MyListener - Start searching element by locator-->By.xpath: //button[@type='submit']
21:15:34 INFO  manager.MyListener - The element with locator-->By.xpath: //button[@type='submit']was found
21:15:34 INFO  manager.MyListener - Start searching element by locator-->By.xpath: //div[contains(text(),"It'snot")]
21:15:34 INFO  manager.MyListener - The element with locator-->By.xpath: //div[contains(text(),"It'snot")]was found
21:15:34 INFO  manager.MyListener - Start searching element by locator-->By.xpath: //a[@href="/logout?url=%2Fsearch"]
21:15:49 INFO  manager.MyListener - The element with locator-->By.xpath: //a[@href="/logout?url=%2Fsearch"]was found
21:15:49 INFO  manager.MyListener - Start searching element by locator-->By.xpath: //button[text()='Ok']
21:16:04 INFO  manager.MyListener - The element with locator-->By.xpath: //button[text()='Ok']was found
21:16:04 INFO  tests.TestBase - The end of test--->wrongEmail
21:16:04 INFO  tests.TestBase - Start test--->wrongPass
21:16:04 INFO  manager.MyListener - Start searching element by locator-->By.xpath: //a[@href="/logout?url=%2Fsearch"]
21:16:19 INFO  manager.MyListener - The element with locator-->By.xpath: //a[@href="/logout?url=%2Fsearch"]was found
21:16:19 INFO  tests.TestBase - Test Login Negative wrong password starts with email-->goodwin49@mail.ru
21:16:19 INFO  tests.TestBase - Test Login Negative wrong password starts with password-->ar12345
21:16:19 INFO  manager.MyListener - Start searching element by locator-->By.xpath: //div[@class='header']/a[6]
21:16:19 INFO  manager.MyListener - The element with locator-->By.xpath: //div[@class='header']/a[6]was found
21:16:19 INFO  manager.MyListener - Start searching element by locator-->By.xpath: //input[@autocomplete='username']
21:16:19 INFO  manager.MyListener - The element with locator-->By.xpath: //input[@autocomplete='username']was found
21:16:19 INFO  manager.MyListener - Start searching element by locator-->By.xpath: //input[@autocomplete='current-password']
21:16:19 INFO  manager.MyListener - The element with locator-->By.xpath: //input[@autocomplete='current-password']was found
21:16:20 INFO  manager.MyListener - Start searching element by locator-->By.xpath: //button[@type='submit']
21:16:20 INFO  manager.MyListener - The element with locator-->By.xpath: //button[@type='submit']was found
21:16:20 INFO  manager.MyListener - Start searching element by locator-->By.xpath: //mat-dialog-container
21:16:20 INFO  manager.MyListener - The element with locator-->By.xpath: //mat-dialog-containerwas found
21:16:20 INFO  manager.MyListener - Start searching element by locator-->By.xpath: //mat-dialog-container//h2
21:16:20 INFO  manager.MyListener - The element with locator-->By.xpath: //mat-dialog-container//h2was found
21:16:20 INFO  manager.MyListener - Start searching element by locator-->By.xpath: //a[@href="/logout?url=%2Fsearch"]
21:16:35 INFO  manager.MyListener - The element with locator-->By.xpath: //a[@href="/logout?url=%2Fsearch"]was found
21:16:35 INFO  manager.MyListener - Start searching element by locator-->By.xpath: //button[text()='Ok']
21:16:35 INFO  manager.MyListener - The element with locator-->By.xpath: //button[text()='Ok']was found
21:16:35 INFO  manager.MyListener - Start searching element by locator-->By.xpath: //button[text()='Ok']
21:16:35 INFO  manager.MyListener - The element with locator-->By.xpath: //button[text()='Ok']was found
21:16:35 INFO  tests.TestBase - The end of test--->wrongPass
21:16:35 INFO  tests.TestBase - Start test--->regTestPositive
21:16:35 INFO  manager.MyListener - Start searching element by locator-->By.xpath: //a[@href="/logout?url=%2Fsearch"]
21:16:40 INFO  manager.MyListener - The element with locator-->By.xpath: //a[@href="/logout?url=%2Fsearch"]was found
21:16:40 INFO  tests.TestBase - Test Registration Positive starts with email--->werty@gmail.com
21:16:40 INFO  tests.TestBase - Test Registration Positive starts with password--->Ww13456@
21:16:40 INFO  tests.TestBase - Test Registration Positive starts with name--->Sonya
21:16:40 INFO  tests.TestBase - Test Registration Positive starts with lastname--->Shu
21:16:40 INFO  manager.MyListener - Start searching element by locator-->By.xpath: //a[@href='/registration?url=%2Fsearch']
21:16:40 ERROR manager.MyListener - Something went wrong
21:16:40 ERROR manager.MyListener - no such window: target window already closed
from unknown error: web view not found
  (Session info: chrome=96.0.4664.45)
Build info: version: '3.141.59', revision: 'e82be7d358', time: '2018-11-14T08:17:03'
System info: host: 'LAPTOP-44JBEN25', ip: '172.20.10.2', os.name: 'Windows 10', os.arch: 'amd64', os.version: '10.0', java.version: '1.8.0_301'
Driver info: org.openqa.selenium.chrome.ChromeDriver
Capabilities {acceptInsecureCerts: false, browserName: chrome, browserVersion: 96.0.4664.45, chrome: {chromedriverVersion: 96.0.4664.45 (76e4c1bb2ab46..., userDataDir: C:\Users\gorbu\AppData\Loca...}, goog:chromeOptions: {debuggerAddress: localhost:56020}, javascriptEnabled: true, networkConnectionEnabled: false, pageLoadStrategy: normal, platform: WINDOWS, platformName: WINDOWS, proxy: Proxy(), setWindowRect: true, strictFileInteractability: false, timeouts: {implicit: 0, pageLoad: 300000, script: 30000}, unhandledPromptBehavior: dismiss and notify, webauthn:extension:credBlob: true, webauthn:extension:largeBlob: true, webauthn:virtualAuthenticators: true}
Session ID: a648ca4dec6a5033f3e687f2f66d296d
*** Element info: {Using=xpath, value=//a[@href='/registration?url=%2Fsearch']}
21:16:40 ERROR manager.MyListener - org.openqa.selenium.NoSuchWindowException: no such window: target window already closed
from unknown error: web view not found
  (Session info: chrome=96.0.4664.45)
Build info: version: '3.141.59', revision: 'e82be7d358', time: '2018-11-14T08:17:03'
System info: host: 'LAPTOP-44JBEN25', ip: '172.20.10.2', os.name: 'Windows 10', os.arch: 'amd64', os.version: '10.0', java.version: '1.8.0_301'
Driver info: org.openqa.selenium.chrome.ChromeDriver
Capabilities {acceptInsecureCerts: false, browserName: chrome, browserVersion: 96.0.4664.45, chrome: {chromedriverVersion: 96.0.4664.45 (76e4c1bb2ab46..., userDataDir: C:\Users\gorbu\AppData\Loca...}, goog:chromeOptions: {debuggerAddress: localhost:56020}, javascriptEnabled: true, networkConnectionEnabled: false, pageLoadStrategy: normal, platform: WINDOWS, platformName: WINDOWS, proxy: Proxy(), setWindowRect: true, strictFileInteractability: false, timeouts: {implicit: 0, pageLoad: 300000, script: 30000}, unhandledPromptBehavior: dismiss and notify, webauthn:extension:credBlob: true, webauthn:extension:largeBlob: true, webauthn:virtualAuthenticators: true}
Session ID: a648ca4dec6a5033f3e687f2f66d296d
*** Element info: {Using=xpath, value=//a[@href='/registration?url=%2Fsearch']}
21:16:40 INFO  manager.MyListener - Start searching element by locator-->By.xpath: //button[text()='Ok']
21:16:40 ERROR manager.MyListener - Something went wrong
21:16:40 ERROR manager.MyListener - no such window: target window already closed
from unknown error: web view not found
  (Session info: chrome=96.0.4664.45)
Build info: version: '3.141.59', revision: 'e82be7d358', time: '2018-11-14T08:17:03'
System info: host: 'LAPTOP-44JBEN25', ip: '172.20.10.2', os.name: 'Windows 10', os.arch: 'amd64', os.version: '10.0', java.version: '1.8.0_301'
Driver info: org.openqa.selenium.chrome.ChromeDriver
Capabilities {acceptInsecureCerts: false, browserName: chrome, browserVersion: 96.0.4664.45, chrome: {chromedriverVersion: 96.0.4664.45 (76e4c1bb2ab46..., userDataDir: C:\Users\gorbu\AppData\Loca...}, goog:chromeOptions: {debuggerAddress: localhost:56020}, javascriptEnabled: true, networkConnectionEnabled: false, pageLoadStrategy: normal, platform: WINDOWS, platformName: WINDOWS, proxy: Proxy(), setWindowRect: true, strictFileInteractability: false, timeouts: {implicit: 0, pageLoad: 300000, script: 30000}, unhandledPromptBehavior: dismiss and notify, webauthn:extension:credBlob: true, webauthn:extension:largeBlob: true, webauthn:virtualAuthenticators: true}
Session ID: a648ca4dec6a5033f3e687f2f66d296d
*** Element info: {Using=xpath, value=//button[text()='Ok']}
21:16:40 ERROR manager.MyListener - org.openqa.selenium.NoSuchWindowException: no such window: target window already closed
from unknown error: web view not found
  (Session info: chrome=96.0.4664.45)
Build info: version: '3.141.59', revision: 'e82be7d358', time: '2018-11-14T08:17:03'
System info: host: 'LAPTOP-44JBEN25', ip: '172.20.10.2', os.name: 'Windows 10', os.arch: 'amd64', os.version: '10.0', java.version: '1.8.0_301'
Driver info: org.openqa.selenium.chrome.ChromeDriver
Capabilities {acceptInsecureCerts: false, browserName: chrome, browserVersion: 96.0.4664.45, chrome: {chromedriverVersion: 96.0.4664.45 (76e4c1bb2ab46..., userDataDir: C:\Users\gorbu\AppData\Loca...}, goog:chromeOptions: {debuggerAddress: localhost:56020}, javascriptEnabled: true, networkConnectionEnabled: false, pageLoadStrategy: normal, platform: WINDOWS, platformName: WINDOWS, proxy: Proxy(), setWindowRect: true, strictFileInteractability: false, timeouts: {implicit: 0, pageLoad: 300000, script: 30000}, unhandledPromptBehavior: dismiss and notify, webauthn:extension:credBlob: true, webauthn:extension:largeBlob: true, webauthn:virtualAuthenticators: true}
Session ID: a648ca4dec6a5033f3e687f2f66d296d
*** Element info: {Using=xpath, value=//button[text()='Ok']}
21:16:40 INFO  tests.TestBase - The end of test--->regTestPositive
21:16:40 INFO  tests.TestBase - Start test--->regTestPositive
21:16:40 INFO  manager.MyListener - Start searching element by locator-->By.xpath: //a[@href="/logout?url=%2Fsearch"]
21:16:40 ERROR manager.MyListener - Something went wrong
21:16:40 ERROR manager.MyListener - no such window: target window already closed
from unknown error: web view not found
  (Session info: chrome=96.0.4664.45)
Build info: version: '3.141.59', revision: 'e82be7d358', time: '2018-11-14T08:17:03'
System info: host: 'LAPTOP-44JBEN25', ip: '172.20.10.2', os.name: 'Windows 10', os.arch: 'amd64', os.version: '10.0', java.version: '1.8.0_301'
Driver info: org.openqa.selenium.chrome.ChromeDriver
Capabilities {acceptInsecureCerts: false, browserName: chrome, browserVersion: 96.0.4664.45, chrome: {chromedriverVersion: 96.0.4664.45 (76e4c1bb2ab46..., userDataDir: C:\Users\gorbu\AppData\Loca...}, goog:chromeOptions: {debuggerAddress: localhost:56020}, javascriptEnabled: true, networkConnectionEnabled: false, pageLoadStrategy: normal, platform: WINDOWS, platformName: WINDOWS, proxy: Proxy(), setWindowRect: true, strictFileInteractability: false, timeouts: {implicit: 0, pageLoad: 300000, script: 30000}, unhandledPromptBehavior: dismiss and notify, webauthn:extension:credBlob: true, webauthn:extension:largeBlob: true, webauthn:virtualAuthenticators: true}
Session ID: a648ca4dec6a5033f3e687f2f66d296d
*** Element info: {Using=xpath, value=//a[@href="/logout?url=%2Fsearch"]}
21:16:40 ERROR manager.MyListener - org.openqa.selenium.NoSuchWindowException: no such window: target window already closed
from unknown error: web view not found
  (Session info: chrome=96.0.4664.45)
Build info: version: '3.141.59', revision: 'e82be7d358', time: '2018-11-14T08:17:03'
System info: host: 'LAPTOP-44JBEN25', ip: '172.20.10.2', os.name: 'Windows 10', os.arch: 'amd64', os.version: '10.0', java.version: '1.8.0_301'
Driver info: org.openqa.selenium.chrome.ChromeDriver
Capabilities {acceptInsecureCerts: false, browserName: chrome, browserVersion: 96.0.4664.45, chrome: {chromedriverVersion: 96.0.4664.45 (76e4c1bb2ab46..., userDataDir: C:\Users\gorbu\AppData\Loca...}, goog:chromeOptions: {debuggerAddress: localhost:56020}, javascriptEnabled: true, networkConnectionEnabled: false, pageLoadStrategy: normal, platform: WINDOWS, platformName: WINDOWS, proxy: Proxy(), setWindowRect: true, strictFileInteractability: false, timeouts: {implicit: 0, pageLoad: 300000, script: 30000}, unhandledPromptBehavior: dismiss and notify, webauthn:extension:credBlob: true, webauthn:extension:largeBlob: true, webauthn:virtualAuthenticators: true}
Session ID: a648ca4dec6a5033f3e687f2f66d296d
*** Element info: {Using=xpath, value=//a[@href="/logout?url=%2Fsearch"]}
21:16:40 INFO  manager.MyListener - Start searching element by locator-->By.xpath: //button[text()='Ok']
21:16:40 ERROR manager.MyListener - Something went wrong
21:16:40 ERROR manager.MyListener - no such window: target window already closed
from unknown error: web view not found
  (Session info: chrome=96.0.4664.45)
Build info: version: '3.141.59', revision: 'e82be7d358', time: '2018-11-14T08:17:03'
System info: host: 'LAPTOP-44JBEN25', ip: '172.20.10.2', os.name: 'Windows 10', os.arch: 'amd64', os.version: '10.0', java.version: '1.8.0_301'
Driver info: org.openqa.selenium.chrome.ChromeDriver
Capabilities {acceptInsecureCerts: false, browserName: chrome, browserVersion: 96.0.4664.45, chrome: {chromedriverVersion: 96.0.4664.45 (76e4c1bb2ab46..., userDataDir: C:\Users\gorbu\AppData\Loca...}, goog:chromeOptions: {debuggerAddress: localhost:56020}, javascriptEnabled: true, networkConnectionEnabled: false, pageLoadStrategy: normal, platform: WINDOWS, platformName: WINDOWS, proxy: Proxy(), setWindowRect: true, strictFileInteractability: false, timeouts: {implicit: 0, pageLoad: 300000, script: 30000}, unhandledPromptBehavior: dismiss and notify, webauthn:extension:credBlob: true, webauthn:extension:largeBlob: true, webauthn:virtualAuthenticators: true}
Session ID: a648ca4dec6a5033f3e687f2f66d296d
*** Element info: {Using=xpath, value=//button[text()='Ok']}
21:16:40 ERROR manager.MyListener - org.openqa.selenium.NoSuchWindowException: no such window: target window already closed
from unknown error: web view not found
  (Session info: chrome=96.0.4664.45)
Build info: version: '3.141.59', revision: 'e82be7d358', time: '2018-11-14T08:17:03'
System info: host: 'LAPTOP-44JBEN25', ip: '172.20.10.2', os.name: 'Windows 10', os.arch: 'amd64', os.version: '10.0', java.version: '1.8.0_301'
Driver info: org.openqa.selenium.chrome.ChromeDriver
Capabilities {acceptInsecureCerts: false, browserName: chrome, browserVersion: 96.0.4664.45, chrome: {chromedriverVersion: 96.0.4664.45 (76e4c1bb2ab46..., userDataDir: C:\Users\gorbu\AppData\Loca...}, goog:chromeOptions: {debuggerAddress: localhost:56020}, javascriptEnabled: true, networkConnectionEnabled: false, pageLoadStrategy: normal, platform: WINDOWS, platformName: WINDOWS, proxy: Proxy(), setWindowRect: true, strictFileInteractability: false, timeouts: {implicit: 0, pageLoad: 300000, script: 30000}, unhandledPromptBehavior: dismiss and notify, webauthn:extension:credBlob: true, webauthn:extension:largeBlob: true, webauthn:virtualAuthenticators: true}
Session ID: a648ca4dec6a5033f3e687f2f66d296d
*** Element info: {Using=xpath, value=//button[text()='Ok']}
21:16:40 INFO  tests.TestBase - The end of test--->regTestPositive
21:16:40 INFO  tests.TestBase - Start test--->regTestPositive
21:16:40 INFO  manager.MyListener - Start searching element by locator-->By.xpath: //a[@href="/logout?url=%2Fsearch"]
21:16:40 ERROR manager.MyListener - Something went wrong
21:16:40 ERROR manager.MyListener - no such window: target window already closed
from unknown error: web view not found
  (Session info: chrome=96.0.4664.45)
Build info: version: '3.141.59', revision: 'e82be7d358', time: '2018-11-14T08:17:03'
System info: host: 'LAPTOP-44JBEN25', ip: '172.20.10.2', os.name: 'Windows 10', os.arch: 'amd64', os.version: '10.0', java.version: '1.8.0_301'
Driver info: org.openqa.selenium.chrome.ChromeDriver
Capabilities {acceptInsecureCerts: false, browserName: chrome, browserVersion: 96.0.4664.45, chrome: {chromedriverVersion: 96.0.4664.45 (76e4c1bb2ab46..., userDataDir: C:\Users\gorbu\AppData\Loca...}, goog:chromeOptions: {debuggerAddress: localhost:56020}, javascriptEnabled: true, networkConnectionEnabled: false, pageLoadStrategy: normal, platform: WINDOWS, platformName: WINDOWS, proxy: Proxy(), setWindowRect: true, strictFileInteractability: false, timeouts: {implicit: 0, pageLoad: 300000, script: 30000}, unhandledPromptBehavior: dismiss and notify, webauthn:extension:credBlob: true, webauthn:extension:largeBlob: true, webauthn:virtualAuthenticators: true}
Session ID: a648ca4dec6a5033f3e687f2f66d296d
*** Element info: {Using=xpath, value=//a[@href="/logout?url=%2Fsearch"]}
21:16:40 ERROR manager.MyListener - org.openqa.selenium.NoSuchWindowException: no such window: target window already closed
from unknown error: web view not found
  (Session info: chrome=96.0.4664.45)
Build info: version: '3.141.59', revision: 'e82be7d358', time: '2018-11-14T08:17:03'
System info: host: 'LAPTOP-44JBEN25', ip: '172.20.10.2', os.name: 'Windows 10', os.arch: 'amd64', os.version: '10.0', java.version: '1.8.0_301'
Driver info: org.openqa.selenium.chrome.ChromeDriver
Capabilities {acceptInsecureCerts: false, browserName: chrome, browserVersion: 96.0.4664.45, chrome: {chromedriverVersion: 96.0.4664.45 (76e4c1bb2ab46..., userDataDir: C:\Users\gorbu\AppData\Loca...}, goog:chromeOptions: {debuggerAddress: localhost:56020}, javascriptEnabled: true, networkConnectionEnabled: false, pageLoadStrategy: normal, platform: WINDOWS, platformName: WINDOWS, proxy: Proxy(), setWindowRect: true, strictFileInteractability: false, timeouts: {implicit: 0, pageLoad: 300000, script: 30000}, unhandledPromptBehavior: dismiss and notify, webauthn:extension:credBlob: true, webauthn:extension:largeBlob: true, webauthn:virtualAuthenticators: true}
Session ID: a648ca4dec6a5033f3e687f2f66d296d
*** Element info: {Using=xpath, value=//a[@href="/logout?url=%2Fsearch"]}
21:16:40 INFO  manager.MyListener - Start searching element by locator-->By.xpath: //button[text()='Ok']
21:16:40 ERROR manager.MyListener - Something went wrong
21:16:40 ERROR manager.MyListener - no such window: target window already closed
from unknown error: web view not found
  (Session info: chrome=96.0.4664.45)
Build info: version: '3.141.59', revision: 'e82be7d358', time: '2018-11-14T08:17:03'
System info: host: 'LAPTOP-44JBEN25', ip: '172.20.10.2', os.name: 'Windows 10', os.arch: 'amd64', os.version: '10.0', java.version: '1.8.0_301'
Driver info: org.openqa.selenium.chrome.ChromeDriver
Capabilities {acceptInsecureCerts: false, browserName: chrome, browserVersion: 96.0.4664.45, chrome: {chromedriverVersion: 96.0.4664.45 (76e4c1bb2ab46..., userDataDir: C:\Users\gorbu\AppData\Loca...}, goog:chromeOptions: {debuggerAddress: localhost:56020}, javascriptEnabled: true, networkConnectionEnabled: false, pageLoadStrategy: normal, platform: WINDOWS, platformName: WINDOWS, proxy: Proxy(), setWindowRect: true, strictFileInteractability: false, timeouts: {implicit: 0, pageLoad: 300000, script: 30000}, unhandledPromptBehavior: dismiss and notify, webauthn:extension:credBlob: true, webauthn:extension:largeBlob: true, webauthn:virtualAuthenticators: true}
Session ID: a648ca4dec6a5033f3e687f2f66d296d
*** Element info: {Using=xpath, value=//button[text()='Ok']}
21:16:40 ERROR manager.MyListener - org.openqa.selenium.NoSuchWindowException: no such window: target window already closed
from unknown error: web view not found
  (Session info: chrome=96.0.4664.45)
Build info: version: '3.141.59', revision: 'e82be7d358', time: '2018-11-14T08:17:03'
System info: host: 'LAPTOP-44JBEN25', ip: '172.20.10.2', os.name: 'Windows 10', os.arch: 'amd64', os.version: '10.0', java.version: '1.8.0_301'
Driver info: org.openqa.selenium.chrome.ChromeDriver
Capabilities {acceptInsecureCerts: false, browserName: chrome, browserVersion: 96.0.4664.45, chrome: {chromedriverVersion: 96.0.4664.45 (76e4c1bb2ab46..., userDataDir: C:\Users\gorbu\AppData\Loca...}, goog:chromeOptions: {debuggerAddress: localhost:56020}, javascriptEnabled: true, networkConnectionEnabled: false, pageLoadStrategy: normal, platform: WINDOWS, platformName: WINDOWS, proxy: Proxy(), setWindowRect: true, strictFileInteractability: false, timeouts: {implicit: 0, pageLoad: 300000, script: 30000}, unhandledPromptBehavior: dismiss and notify, webauthn:extension:credBlob: true, webauthn:extension:largeBlob: true, webauthn:virtualAuthenticators: true}
Session ID: a648ca4dec6a5033f3e687f2f66d296d
*** Element info: {Using=xpath, value=//button[text()='Ok']}
21:16:40 INFO  tests.TestBase - The end of test--->regTestPositive
21:16:40 INFO  tests.TestBase - Start test--->addNewCarTestPositive
21:16:40 INFO  manager.MyListener - Start searching element by locator-->By.xpath: //a[text()=' Log in ']
21:16:40 ERROR manager.MyListener - Something went wrong
21:16:40 ERROR manager.MyListener - no such window: target window already closed
from unknown error: web view not found
  (Session info: chrome=96.0.4664.45)
Build info: version: '3.141.59', revision: 'e82be7d358', time: '2018-11-14T08:17:03'
System info: host: 'LAPTOP-44JBEN25', ip: '172.20.10.2', os.name: 'Windows 10', os.arch: 'amd64', os.version: '10.0', java.version: '1.8.0_301'
Driver info: org.openqa.selenium.chrome.ChromeDriver
Capabilities {acceptInsecureCerts: false, browserName: chrome, browserVersion: 96.0.4664.45, chrome: {chromedriverVersion: 96.0.4664.45 (76e4c1bb2ab46..., userDataDir: C:\Users\gorbu\AppData\Loca...}, goog:chromeOptions: {debuggerAddress: localhost:56020}, javascriptEnabled: true, networkConnectionEnabled: false, pageLoadStrategy: normal, platform: WINDOWS, platformName: WINDOWS, proxy: Proxy(), setWindowRect: true, strictFileInteractability: false, timeouts: {implicit: 0, pageLoad: 300000, script: 30000}, unhandledPromptBehavior: dismiss and notify, webauthn:extension:credBlob: true, webauthn:extension:largeBlob: true, webauthn:virtualAuthenticators: true}
Session ID: a648ca4dec6a5033f3e687f2f66d296d
*** Element info: {Using=xpath, value=//a[text()=' Log in ']}
21:16:40 ERROR manager.MyListener - org.openqa.selenium.NoSuchWindowException: no such window: target window already closed
from unknown error: web view not found
  (Session info: chrome=96.0.4664.45)
Build info: version: '3.141.59', revision: 'e82be7d358', time: '2018-11-14T08:17:03'
System info: host: 'LAPTOP-44JBEN25', ip: '172.20.10.2', os.name: 'Windows 10', os.arch: 'amd64', os.version: '10.0', java.version: '1.8.0_301'
Driver info: org.openqa.selenium.chrome.ChromeDriver
Capabilities {acceptInsecureCerts: false, browserName: chrome, browserVersion: 96.0.4664.45, chrome: {chromedriverVersion: 96.0.4664.45 (76e4c1bb2ab46..., userDataDir: C:\Users\gorbu\AppData\Loca...}, goog:chromeOptions: {debuggerAddress: localhost:56020}, javascriptEnabled: true, networkConnectionEnabled: false, pageLoadStrategy: normal, platform: WINDOWS, platformName: WINDOWS, proxy: Proxy(), setWindowRect: true, strictFileInteractability: false, timeouts: {implicit: 0, pageLoad: 300000, script: 30000}, unhandledPromptBehavior: dismiss and notify, webauthn:extension:credBlob: true, webauthn:extension:largeBlob: true, webauthn:virtualAuthenticators: true}
Session ID: a648ca4dec6a5033f3e687f2f66d296d
*** Element info: {Using=xpath, value=//a[text()=' Log in ']}
21:16:40 INFO  manager.MyListener - Start searching element by locator-->By.xpath: //div//button[text()='Add another car']
21:16:40 ERROR manager.MyListener - Something went wrong
21:16:40 ERROR manager.MyListener - no such window: target window already closed
from unknown error: web view not found
  (Session info: chrome=96.0.4664.45)
Build info: version: '3.141.59', revision: 'e82be7d358', time: '2018-11-14T08:17:03'
System info: host: 'LAPTOP-44JBEN25', ip: '172.20.10.2', os.name: 'Windows 10', os.arch: 'amd64', os.version: '10.0', java.version: '1.8.0_301'
Driver info: org.openqa.selenium.chrome.ChromeDriver
Capabilities {acceptInsecureCerts: false, browserName: chrome, browserVersion: 96.0.4664.45, chrome: {chromedriverVersion: 96.0.4664.45 (76e4c1bb2ab46..., userDataDir: C:\Users\gorbu\AppData\Loca...}, goog:chromeOptions: {debuggerAddress: localhost:56020}, javascriptEnabled: true, networkConnectionEnabled: false, pageLoadStrategy: normal, platform: WINDOWS, platformName: WINDOWS, proxy: Proxy(), setWindowRect: true, strictFileInteractability: false, timeouts: {implicit: 0, pageLoad: 300000, script: 30000}, unhandledPromptBehavior: dismiss and notify, webauthn:extension:credBlob: true, webauthn:extension:largeBlob: true, webauthn:virtualAuthenticators: true}
Session ID: a648ca4dec6a5033f3e687f2f66d296d
*** Element info: {Using=xpath, value=//div//button[text()='Add another car']}
21:16:40 ERROR manager.MyListener - org.openqa.selenium.NoSuchWindowException: no such window: target window already closed
from unknown error: web view not found
  (Session info: chrome=96.0.4664.45)
Build info: version: '3.141.59', revision: 'e82be7d358', time: '2018-11-14T08:17:03'
System info: host: 'LAPTOP-44JBEN25', ip: '172.20.10.2', os.name: 'Windows 10', os.arch: 'amd64', os.version: '10.0', java.version: '1.8.0_301'
Driver info: org.openqa.selenium.chrome.ChromeDriver
Capabilities {acceptInsecureCerts: false, browserName: chrome, browserVersion: 96.0.4664.45, chrome: {chromedriverVersion: 96.0.4664.45 (76e4c1bb2ab46..., userDataDir: C:\Users\gorbu\AppData\Loca...}, goog:chromeOptions: {debuggerAddress: localhost:56020}, javascriptEnabled: true, networkConnectionEnabled: false, pageLoadStrategy: normal, platform: WINDOWS, platformName: WINDOWS, proxy: Proxy(), setWindowRect: true, strictFileInteractability: false, timeouts: {implicit: 0, pageLoad: 300000, script: 30000}, unhandledPromptBehavior: dismiss and notify, webauthn:extension:credBlob: true, webauthn:extension:largeBlob: true, webauthn:virtualAuthenticators: true}
Session ID: a648ca4dec6a5033f3e687f2f66d296d
*** Element info: {Using=xpath, value=//div//button[text()='Add another car']}
21:16:40 INFO  tests.TestBase - The end of test--->addNewCarTestPositive
21:16:40 INFO  tests.TestBase - Start test--->addNewCarTestPositive2
21:16:40 INFO  manager.MyListener - Start searching element by locator-->By.xpath: //a[text()=' Log in ']
21:16:40 ERROR manager.MyListener - Something went wrong
21:16:40 ERROR manager.MyListener - no such window: target window already closed
from unknown error: web view not found
  (Session info: chrome=96.0.4664.45)
Build info: version: '3.141.59', revision: 'e82be7d358', time: '2018-11-14T08:17:03'
System info: host: 'LAPTOP-44JBEN25', ip: '172.20.10.2', os.name: 'Windows 10', os.arch: 'amd64', os.version: '10.0', java.version: '1.8.0_301'
Driver info: org.openqa.selenium.chrome.ChromeDriver
Capabilities {acceptInsecureCerts: false, browserName: chrome, browserVersion: 96.0.4664.45, chrome: {chromedriverVersion: 96.0.4664.45 (76e4c1bb2ab46..., userDataDir: C:\Users\gorbu\AppData\Loca...}, goog:chromeOptions: {debuggerAddress: localhost:56020}, javascriptEnabled: true, networkConnectionEnabled: false, pageLoadStrategy: normal, platform: WINDOWS, platformName: WINDOWS, proxy: Proxy(), setWindowRect: true, strictFileInteractability: false, timeouts: {implicit: 0, pageLoad: 300000, script: 30000}, unhandledPromptBehavior: dismiss and notify, webauthn:extension:credBlob: true, webauthn:extension:largeBlob: true, webauthn:virtualAuthenticators: true}
Session ID: a648ca4dec6a5033f3e687f2f66d296d
*** Element info: {Using=xpath, value=//a[text()=' Log in ']}
21:16:40 ERROR manager.MyListener - org.openqa.selenium.NoSuchWindowException: no such window: target window already closed
from unknown error: web view not found
  (Session info: chrome=96.0.4664.45)
Build info: version: '3.141.59', revision: 'e82be7d358', time: '2018-11-14T08:17:03'
System info: host: 'LAPTOP-44JBEN25', ip: '172.20.10.2', os.name: 'Windows 10', os.arch: 'amd64', os.version: '10.0', java.version: '1.8.0_301'
Driver info: org.openqa.selenium.chrome.ChromeDriver
Capabilities {acceptInsecureCerts: false, browserName: chrome, browserVersion: 96.0.4664.45, chrome: {chromedriverVersion: 96.0.4664.45 (76e4c1bb2ab46..., userDataDir: C:\Users\gorbu\AppData\Loca...}, goog:chromeOptions: {debuggerAddress: localhost:56020}, javascriptEnabled: true, networkConnectionEnabled: false, pageLoadStrategy: normal, platform: WINDOWS, platformName: WINDOWS, proxy: Proxy(), setWindowRect: true, strictFileInteractability: false, timeouts: {implicit: 0, pageLoad: 300000, script: 30000}, unhandledPromptBehavior: dismiss and notify, webauthn:extension:credBlob: true, webauthn:extension:largeBlob: true, webauthn:virtualAuthenticators: true}
Session ID: a648ca4dec6a5033f3e687f2f66d296d
*** Element info: {Using=xpath, value=//a[text()=' Log in ']}
21:16:40 INFO  manager.MyListener - Start searching element by locator-->By.xpath: //div//button[text()='Add another car']
21:16:40 ERROR manager.MyListener - Something went wrong
21:16:40 ERROR manager.MyListener - no such window: target window already closed
from unknown error: web view not found
  (Session info: chrome=96.0.4664.45)
Build info: version: '3.141.59', revision: 'e82be7d358', time: '2018-11-14T08:17:03'
System info: host: 'LAPTOP-44JBEN25', ip: '172.20.10.2', os.name: 'Windows 10', os.arch: 'amd64', os.version: '10.0', java.version: '1.8.0_301'
Driver info: org.openqa.selenium.chrome.ChromeDriver
Capabilities {acceptInsecureCerts: false, browserName: chrome, browserVersion: 96.0.4664.45, chrome: {chromedriverVersion: 96.0.4664.45 (76e4c1bb2ab46..., userDataDir: C:\Users\gorbu\AppData\Loca...}, goog:chromeOptions: {debuggerAddress: localhost:56020}, javascriptEnabled: true, networkConnectionEnabled: false, pageLoadStrategy: normal, platform: WINDOWS, platformName: WINDOWS, proxy: Proxy(), setWindowRect: true, strictFileInteractability: false, timeouts: {implicit: 0, pageLoad: 300000, script: 30000}, unhandledPromptBehavior: dismiss and notify, webauthn:extension:credBlob: true, webauthn:extension:largeBlob: true, webauthn:virtualAuthenticators: true}
Session ID: a648ca4dec6a5033f3e687f2f66d296d
*** Element info: {Using=xpath, value=//div//button[text()='Add another car']}
21:16:40 ERROR manager.MyListener - org.openqa.selenium.NoSuchWindowException: no such window: target window already closed
from unknown error: web view not found
  (Session info: chrome=96.0.4664.45)
Build info: version: '3.141.59', revision: 'e82be7d358', time: '2018-11-14T08:17:03'
System info: host: 'LAPTOP-44JBEN25', ip: '172.20.10.2', os.name: 'Windows 10', os.arch: 'amd64', os.version: '10.0', java.version: '1.8.0_301'
Driver info: org.openqa.selenium.chrome.ChromeDriver
Capabilities {acceptInsecureCerts: false, browserName: chrome, browserVersion: 96.0.4664.45, chrome: {chromedriverVersion: 96.0.4664.45 (76e4c1bb2ab46..., userDataDir: C:\Users\gorbu\AppData\Loca...}, goog:chromeOptions: {debuggerAddress: localhost:56020}, javascriptEnabled: true, networkConnectionEnabled: false, pageLoadStrategy: normal, platform: WINDOWS, platformName: WINDOWS, proxy: Proxy(), setWindowRect: true, strictFileInteractability: false, timeouts: {implicit: 0, pageLoad: 300000, script: 30000}, unhandledPromptBehavior: dismiss and notify, webauthn:extension:credBlob: true, webauthn:extension:largeBlob: true, webauthn:virtualAuthenticators: true}
Session ID: a648ca4dec6a5033f3e687f2f66d296d
*** Element info: {Using=xpath, value=//div//button[text()='Add another car']}
21:16:40 INFO  tests.TestBase - The end of test--->addNewCarTestPositive2
