18:28:18 INFO  manager.ApplManager - Tests starts on Chrome Driver
18:28:27 INFO  tests.TestBase - Start test--->findYourCarPositive3
18:28:27 INFO  manager.MyListener - Start searching element by locator-->By.xpath: //input[@id='city']
18:28:27 INFO  manager.MyListener - The element with locator-->By.xpath: //input[@id='city']was found
18:28:27 INFO  manager.MyListener - Start searching element by locator-->By.cssSelector: div.pac-item
18:28:28 INFO  manager.MyListener - The element with locator-->By.cssSelector: div.pac-itemwas found
18:28:28 INFO  manager.MyListener - Start searching element by locator-->By.xpath: (//input[@id='dates'])[1]
18:28:28 INFO  manager.MyListener - The element with locator-->By.xpath: (//input[@id='dates'])[1]was found
18:28:29 INFO  manager.MyListener - Start searching element by locator-->By.xpath: //div[text()= 28 ]
18:28:29 INFO  manager.MyListener - The element with locator-->By.xpath: //div[text()= 28 ]was found
18:28:29 INFO  manager.MyListener - Start searching element by locator-->By.xpath: //div[text()= 30 ]
18:28:29 INFO  manager.MyListener - The element with locator-->By.xpath: //div[text()= 30 ]was found
18:28:29 INFO  tests.TestBase - The end of test--->findYourCarPositive3
18:29:01 INFO  manager.ApplManager - Tests starts on Chrome Driver
18:29:07 INFO  tests.TestBase - Start test--->findYourCarPositive3
18:29:07 INFO  manager.MyListener - Start searching element by locator-->By.xpath: //input[@id='city']
18:29:07 INFO  manager.MyListener - The element with locator-->By.xpath: //input[@id='city']was found
18:29:07 INFO  manager.MyListener - Start searching element by locator-->By.cssSelector: div.pac-item
18:29:07 INFO  manager.MyListener - The element with locator-->By.cssSelector: div.pac-itemwas found
18:29:08 INFO  manager.MyListener - Start searching element by locator-->By.xpath: (//input[@id='dates'])[1]
18:29:08 INFO  manager.MyListener - The element with locator-->By.xpath: (//input[@id='dates'])[1]was found
18:29:08 INFO  manager.MyListener - Start searching element by locator-->By.xpath: //div[text()= 28 ]
18:29:08 INFO  manager.MyListener - The element with locator-->By.xpath: //div[text()= 28 ]was found
18:29:08 INFO  manager.MyListener - Start searching element by locator-->By.xpath: //div[text()= 30 ]
18:29:08 INFO  manager.MyListener - The element with locator-->By.xpath: //div[text()= 30 ]was found
18:29:08 INFO  manager.MyListener - Start searching element by locator-->By.xpath: //button[@type='submit']
18:29:08 INFO  manager.MyListener - The element with locator-->By.xpath: //button[@type='submit']was found
18:29:08 INFO  manager.MyListener - Start searching element by locator-->By.cssSelector: .car-img-container.ng-star-inserted
18:29:09 INFO  manager.MyListener - The element with locator-->By.cssSelector: .car-img-container.ng-star-insertedwas found
18:29:09 INFO  tests.TestBase - The end of test--->findYourCarPositive3
